[0.013s] Invoking command in '/home/zzy/ur_real/build/ur_bringup': CMAKE_PREFIX_PATH=${CMAKE_PREFIX_PATH}:/home/zzy/ur_real/install/ur10_vel:/opt/ros/humble CONDA_PROMPT_MODIFIER=(base) /usr/bin/cmake --build /home/zzy/ur_real/build/ur_bringup -- -j24 -l24
[0.074s] [ 50%] [32m[1mLinking CXX executable ur_bringup[0m
[0.370s] /usr/bin/ld: /home/zzy/anaconda3/lib/libssl.so.3: undefined reference to `X509_STORE_CTX_init_rpk@OPENSSL_3.2.0'
[0.370s] /usr/bin/ld: /home/zzy/anaconda3/lib/libssl.so.3: undefined reference to `BIO_recvmmsg@OPENSSL_3.2.0'
[0.371s] /usr/bin/ld: /home/zzy/anaconda3/lib/libssl.so.3: undefined reference to `OSSL_ERR_STATE_restore@OPENSSL_3.2.0'
[0.371s] /usr/bin/ld: /home/zzy/anaconda3/lib/libssl.so.3: undefined reference to `OPENSSL_LH_set_thunks@OPENSSL_3.3.0'
[0.372s] /usr/bin/ld: /home/zzy/anaconda3/lib/libssl.so.3: undefined reference to `BIO_sendmmsg@OPENSSL_3.2.0'
[0.372s] /usr/bin/ld: /home/zzy/anaconda3/lib/libssl.so.3: undefined reference to `BIO_err_is_non_fatal@OPENSSL_3.2.0'
[0.373s] /usr/bin/ld: /home/zzy/anaconda3/lib/libssl.so.3: undefined reference to `BIO_get_rpoll_descriptor@OPENSSL_3.2.0'
[0.373s] /usr/bin/ld: /home/zzy/anaconda3/lib/libssl.so.3: undefined reference to `OSSL_ERR_STATE_free@OPENSSL_3.2.0'
[0.373s] /usr/bin/ld: /home/zzy/anaconda3/lib/libssl.so.3: undefined reference to `OSSL_STACK_OF_X509_free@OPENSSL_3.2.0'
[0.374s] /usr/bin/ld: /home/zzy/anaconda3/lib/libssl.so.3: undefined reference to `OSSL_ERR_STATE_save_to_mark@OPENSSL_3.2.0'
[0.374s] /usr/bin/ld: /home/zzy/anaconda3/lib/libssl.so.3: undefined reference to `OSSL_ERR_STATE_save@OPENSSL_3.2.0'
[0.374s] /usr/bin/ld: /home/zzy/anaconda3/lib/libssl.so.3: undefined reference to `BIO_get_wpoll_descriptor@OPENSSL_3.2.0'
[0.375s] /usr/bin/ld: /home/zzy/anaconda3/lib/libssl.so.3: undefined reference to `BIO_s_dgram_mem@OPENSSL_3.2.0'
[0.376s] /usr/bin/ld: /home/zzy/anaconda3/lib/libssl.so.3: undefined reference to `OSSL_ERR_STATE_new@OPENSSL_3.2.0'
[0.376s] /usr/bin/ld: /home/zzy/anaconda3/lib/libssl.so.3: undefined reference to `ERR_count_to_mark@OPENSSL_3.2.0'
[0.382s] collect2: error: ld returned 1 exit status
[0.384s] gmake[2]: *** [CMakeFiles/ur_bringup.dir/build.make:355ï¼šur_bringup] é”™è¯¯ 1
[0.384s] gmake[1]: *** [CMakeFiles/Makefile2:137ï¼šCMakeFiles/ur_bringup.dir/all] é”™è¯¯ 2
[0.384s] gmake: *** [Makefile:146ï¼šall] é”™è¯¯ 2
[0.386s] Invoked command in '/home/zzy/ur_real/build/ur_bringup' returned '2': CMAKE_PREFIX_PATH=${CMAKE_PREFIX_PATH}:/home/zzy/ur_real/install/ur10_vel:/opt/ros/humble CONDA_PROMPT_MODIFIER=(base) /usr/bin/cmake --build /home/zzy/ur_real/build/ur_bringup -- -j24 -l24
