-- Found ament_cmake: 1.3.9 (/opt/ros/humble/share/ament_cmake/cmake)
-- Override CMake install command with custom implementation using symlinks instead of copying resources
-- Found rclcpp: 16.0.9 (/opt/ros/humble/share/rclcpp/cmake)
-- Found rosidl_generator_c: 3.1.5 (/opt/ros/humble/share/rosidl_generator_c/cmake)
-- Found rosidl_adapter: 3.1.5 (/opt/ros/humble/share/rosidl_adapter/cmake)
-- Found rosidl_generator_cpp: 3.1.5 (/opt/ros/humble/share/rosidl_generator_cpp/cmake)
-- Using all available rosidl_typesupport_c: rosidl_typesupport_fastrtps_c;rosidl_typesupport_introspection_c
-- Using all available rosidl_typesupport_cpp: rosidl_typesupport_fastrtps_cpp;rosidl_typesupport_introspection_cpp
-- Found rmw_implementation_cmake: 6.1.2 (/opt/ros/humble/share/rmw_implementation_cmake/cmake)
-- Found rmw_cyclonedds_cpp: 1.3.4 (/opt/ros/humble/share/rmw_cyclonedds_cpp/cmake)
-- Using RMW implementation 'rmw_cyclonedds_cpp' as default
-- Found rclpy: 3.3.13 (/opt/ros/humble/share/rclpy/cmake)
-- Found rosidl_default_generators: 1.2.0 (/opt/ros/humble/share/rosidl_default_generators/cmake)
-- Found ament_cmake_ros: 0.10.0 (/opt/ros/humble/share/ament_cmake_ros/cmake)
-- Using all available rosidl_typesupport_c: rosidl_typesupport_fastrtps_c;rosidl_typesupport_introspection_c
-- Using all available rosidl_typesupport_cpp: rosidl_typesupport_fastrtps_cpp;rosidl_typesupport_introspection_cpp
-- Found python_cmake_module: 0.10.0 (/opt/ros/humble/share/python_cmake_module/cmake)
-- Using PYTHON_EXECUTABLE: /home/zzy/anaconda3/bin/python3
-- Using PYTHON_INCLUDE_DIRS: /home/zzy/anaconda3/include/python3.11
-- Using PYTHON_LIBRARIES: /home/zzy/anaconda3/lib/libpython3.11.so
-- Using numpy include directory: /home/zzy/anaconda3/lib/python3.11/site-packages/numpy/core/include
-- Found ament_lint_auto: 0.12.11 (/opt/ros/humble/share/ament_lint_auto/cmake)
-- Added test 'flake8' to check Python code syntax and style conventions
-- Added test 'lint_cmake' to check CMake code style
-- Added test 'pep257' to check Python code against some of the docstring style conventions in PEP 257
-- Added test 'xmllint' to check XML markup files
-- Configuring done
-- Generating done
-- Build files have been written to: /home/zzy/ur_real/build/ferrobotics
[35m[1mConsolidate compiler generated dependencies of target ferrobotics__rosidl_generator_c[0m
[  2%] Built target ferrobotics__cpp
[ 12%] Built target ferrobotics__rosidl_generator_c
[ 12%] Built target ament_cmake_python_symlink_ferrobotics
[35m[1mConsolidate compiler generated dependencies of target ferrobotics__rosidl_typesupport_cpp[0m
[35m[1mConsolidate compiler generated dependencies of target ferrobotics__rosidl_typesupport_fastrtps_cpp[0m
[35m[1mConsolidate compiler generated dependencies of target ferrobotics__rosidl_typesupport_introspection_cpp[0m
[35m[1mConsolidate compiler generated dependencies of target ferrobotics__rosidl_typesupport_fastrtps_c[0m
[35m[1mConsolidate compiler generated dependencies of target ferrobotics__rosidl_typesupport_introspection_c[0m
[35m[1mConsolidate compiler generated dependencies of target ferrobotics__rosidl_typesupport_c[0m
[ 25%] Built target ferrobotics__rosidl_typesupport_introspection_c
[ 34%] Built target ferrobotics__rosidl_typesupport_cpp
[ 44%] Built target ferrobotics__rosidl_typesupport_introspection_cpp
[ 61%] Built target ferrobotics__rosidl_typesupport_fastrtps_cpp
[ 65%] Built target ferrobotics__rosidl_typesupport_fastrtps_c
[ 76%] Built target ferrobotics__rosidl_typesupport_c
[ 76%] Built target ferrobotics
[ 78%] Built target ferrobotics__py
[35m[1mConsolidate compiler generated dependencies of target ferrobotics__rosidl_generator_py[0m
[ 87%] Built target ferrobotics__rosidl_generator_py
[35m[1mConsolidate compiler generated dependencies of target ferrobotics__rosidl_typesupport_fastrtps_c__pyext[0m
[35m[1mConsolidate compiler generated dependencies of target ferrobotics__rosidl_typesupport_c__pyext[0m
[35m[1mConsolidate compiler generated dependencies of target ferrobotics__rosidl_typesupport_introspection_c__pyext[0m
Traceback (most recent call last):
  File "/home/zzy/ur_real/build/ferrobotics/ament_cmake_python/ferrobotics/setup.py", line 1, in <module>
    from setuptools import find_packages
  File "/home/zzy/anaconda3/lib/python3.11/site-packages/setuptools/__init__.py", line 27, in <module>
    from .dist import Distribution
  File "/home/zzy/anaconda3/lib/python3.11/site-packages/setuptools/dist.py", line 18, in <module>
    from . import (
  File "/home/zzy/anaconda3/lib/python3.11/site-packages/setuptools/_entry_points.py", line 6, in <module>
    from jaraco.text import yield_lines
  File "/home/zzy/anaconda3/lib/python3.11/site-packages/setuptools/_vendor/jaraco/text/__init__.py", line 12, in <module>
    from jaraco.context import ExceptionTrap
  File "/home/zzy/anaconda3/lib/python3.11/site-packages/setuptools/_vendor/jaraco/context.py", line 17, in <module>
    from backports import tarfile
ImportError: cannot import name 'tarfile' from 'backports' (/home/zzy/anaconda3/lib/python3.11/site-packages/backports/__init__.py)
[ 95%] Built target ferrobotics__rosidl_typesupport_c__pyext
[ 95%] Built target ferrobotics__rosidl_typesupport_fastrtps_c__pyext
[100%] Built target ferrobotics__rosidl_typesupport_introspection_c__pyext
gmake[2]: *** [CMakeFiles/ament_cmake_python_build_ferrobotics_egg.dir/build.make:70ï¼šCMakeFiles/ament_cmake_python_build_ferrobotics_egg] é”™è¯¯ 1
gmake[1]: *** [CMakeFiles/Makefile2:447ï¼šCMakeFiles/ament_cmake_python_build_ferrobotics_egg.dir/all] é”™è¯¯ 2
gmake: *** [Makefile:146ï¼šall] é”™è¯¯ 2
