[0.012s] Invoking command in '/home/zzy/ur_real/build/ferrobotics': CMAKE_PREFIX_PATH=/opt/ros/humble /usr/bin/cmake /home/zzy/ur_real/src/ferrobotics -DCMAKE_INSTALL_PREFIX=/home/zzy/ur_real/install/ferrobotics
[0.144s] -- Found ament_cmake: 1.3.9 (/opt/ros/humble/share/ament_cmake/cmake)
[0.144s] -- Override CMake install command with custom implementation using symlinks instead of copying resources
[0.144s] -- Found rclcpp: 16.0.9 (/opt/ros/humble/share/rclcpp/cmake)
[0.144s] -- Found rosidl_generator_c: 3.1.5 (/opt/ros/humble/share/rosidl_generator_c/cmake)
[0.144s] -- Found rosidl_adapter: 3.1.5 (/opt/ros/humble/share/rosidl_adapter/cmake)
[0.144s] -- Found rosidl_generator_cpp: 3.1.5 (/opt/ros/humble/share/rosidl_generator_cpp/cmake)
[0.144s] -- Using all available rosidl_typesupport_c: rosidl_typesupport_fastrtps_c;rosidl_typesupport_introspection_c
[0.148s] -- Using all available rosidl_typesupport_cpp: rosidl_typesupport_fastrtps_cpp;rosidl_typesupport_introspection_cpp
[0.185s] -- Found rmw_implementation_cmake: 6.1.2 (/opt/ros/humble/share/rmw_implementation_cmake/cmake)
[0.186s] -- Found rmw_cyclonedds_cpp: 1.3.4 (/opt/ros/humble/share/rmw_cyclonedds_cpp/cmake)
[0.205s] -- Using RMW implementation 'rmw_cyclonedds_cpp' as default
[0.305s] -- Found rclpy: 3.3.13 (/opt/ros/humble/share/rclpy/cmake)
[0.306s] -- Found rosidl_default_generators: 1.2.0 (/opt/ros/humble/share/rosidl_default_generators/cmake)
[0.510s] -- Found ament_cmake_ros: 0.10.0 (/opt/ros/humble/share/ament_cmake_ros/cmake)
[0.747s] -- Using all available rosidl_typesupport_c: rosidl_typesupport_fastrtps_c;rosidl_typesupport_introspection_c
[0.843s] -- Using all available rosidl_typesupport_cpp: rosidl_typesupport_fastrtps_cpp;rosidl_typesupport_introspection_cpp
[0.859s] -- Found python_cmake_module: 0.10.0 (/opt/ros/humble/share/python_cmake_module/cmake)
[0.875s] -- Using PYTHON_EXECUTABLE: /home/zzy/anaconda3/bin/python3
[0.875s] -- Using PYTHON_INCLUDE_DIRS: /home/zzy/anaconda3/include/python3.11
[0.875s] -- Using PYTHON_LIBRARIES: /home/zzy/anaconda3/lib/libpython3.11.so
[0.961s] -- Using numpy include directory: /home/zzy/anaconda3/lib/python3.11/site-packages/numpy/core/include
[0.968s] -- Found ament_lint_auto: 0.12.11 (/opt/ros/humble/share/ament_lint_auto/cmake)
[0.974s] -- Added test 'flake8' to check Python code syntax and style conventions
[0.974s] -- Added test 'lint_cmake' to check CMake code style
[0.974s] -- Added test 'pep257' to check Python code against some of the docstring style conventions in PEP 257
[0.975s] -- Added test 'xmllint' to check XML markup files
[0.976s] -- Configuring done
[0.996s] -- Generating done
[0.997s] -- Build files have been written to: /home/zzy/ur_real/build/ferrobotics
[1.003s] Invoked command in '/home/zzy/ur_real/build/ferrobotics' returned '0': CMAKE_PREFIX_PATH=/opt/ros/humble /usr/bin/cmake /home/zzy/ur_real/src/ferrobotics -DCMAKE_INSTALL_PREFIX=/home/zzy/ur_real/install/ferrobotics
[1.004s] Invoking command in '/home/zzy/ur_real/build/ferrobotics': CMAKE_PREFIX_PATH=/opt/ros/humble /usr/bin/cmake --build /home/zzy/ur_real/build/ferrobotics -- -j24 -l24
[1.031s] [35m[1mConsolidate compiler generated dependencies of target ferrobotics__rosidl_generator_c[0m
[1.037s] [  2%] Built target ferrobotics__cpp
[1.038s] [ 12%] Built target ferrobotics__rosidl_generator_c
[1.042s] [ 12%] Built target ament_cmake_python_symlink_ferrobotics
[1.044s] [35m[1mConsolidate compiler generated dependencies of target ferrobotics__rosidl_typesupport_cpp[0m
[1.044s] [35m[1mConsolidate compiler generated dependencies of target ferrobotics__rosidl_typesupport_fastrtps_cpp[0m
[1.044s] [35m[1mConsolidate compiler generated dependencies of target ferrobotics__rosidl_typesupport_introspection_cpp[0m
[1.044s] [35m[1mConsolidate compiler generated dependencies of target ferrobotics__rosidl_typesupport_fastrtps_c[0m
[1.044s] [35m[1mConsolidate compiler generated dependencies of target ferrobotics__rosidl_typesupport_introspection_c[0m
[1.047s] [35m[1mConsolidate compiler generated dependencies of target ferrobotics__rosidl_typesupport_c[0m
[1.051s] [ 25%] Built target ferrobotics__rosidl_typesupport_introspection_c
[1.051s] [ 34%] Built target ferrobotics__rosidl_typesupport_cpp
[1.052s] [ 44%] Built target ferrobotics__rosidl_typesupport_introspection_cpp
[1.052s] [ 61%] Built target ferrobotics__rosidl_typesupport_fastrtps_cpp
[1.052s] [ 65%] Built target ferrobotics__rosidl_typesupport_fastrtps_c
[1.056s] [ 76%] Built target ferrobotics__rosidl_typesupport_c
[1.069s] [ 76%] Built target ferrobotics
[1.082s] [ 78%] Built target ferrobotics__py
[1.089s] [35m[1mConsolidate compiler generated dependencies of target ferrobotics__rosidl_generator_py[0m
[1.098s] [ 87%] Built target ferrobotics__rosidl_generator_py
[1.105s] [35m[1mConsolidate compiler generated dependencies of target ferrobotics__rosidl_typesupport_fastrtps_c__pyext[0m
[1.105s] [35m[1mConsolidate compiler generated dependencies of target ferrobotics__rosidl_typesupport_c__pyext[0m
[1.105s] [35m[1mConsolidate compiler generated dependencies of target ferrobotics__rosidl_typesupport_introspection_c__pyext[0m
[1.112s] Traceback (most recent call last):
[1.112s]   File "/home/zzy/ur_real/build/ferrobotics/ament_cmake_python/ferrobotics/setup.py", line 1, in <module>
[1.112s]     from setuptools import find_packages
[1.112s]   File "/home/zzy/anaconda3/lib/python3.11/site-packages/setuptools/__init__.py", line 27, in <module>
[1.112s]     from .dist import Distribution
[1.112s]   File "/home/zzy/anaconda3/lib/python3.11/site-packages/setuptools/dist.py", line 18, in <module>
[1.112s]     from . import (
[1.112s]   File "/home/zzy/anaconda3/lib/python3.11/site-packages/setuptools/_entry_points.py", line 6, in <module>
[1.112s]     from jaraco.text import yield_lines
[1.112s]   File "/home/zzy/anaconda3/lib/python3.11/site-packages/setuptools/_vendor/jaraco/text/__init__.py", line 12, in <module>
[1.112s]     from jaraco.context import ExceptionTrap
[1.112s]   File "/home/zzy/anaconda3/lib/python3.11/site-packages/setuptools/_vendor/jaraco/context.py", line 17, in <module>
[1.112s]     from backports import tarfile
[1.112s] ImportError: cannot import name 'tarfile' from 'backports' (/home/zzy/anaconda3/lib/python3.11/site-packages/backports/__init__.py)
[1.114s] [ 95%] Built target ferrobotics__rosidl_typesupport_c__pyext
[1.114s] [ 95%] Built target ferrobotics__rosidl_typesupport_fastrtps_c__pyext
[1.114s] [100%] Built target ferrobotics__rosidl_typesupport_introspection_c__pyext
[1.122s] gmake[2]: *** [CMakeFiles/ament_cmake_python_build_ferrobotics_egg.dir/build.make:70ï¼šCMakeFiles/ament_cmake_python_build_ferrobotics_egg] é”™è¯¯ 1
[1.122s] gmake[1]: *** [CMakeFiles/Makefile2:447ï¼šCMakeFiles/ament_cmake_python_build_ferrobotics_egg.dir/all] é”™è¯¯ 2
[1.123s] gmake: *** [Makefile:146ï¼šall] é”™è¯¯ 2
[1.124s] Invoked command in '/home/zzy/ur_real/build/ferrobotics' returned '2': CMAKE_PREFIX_PATH=/opt/ros/humble /usr/bin/cmake --build /home/zzy/ur_real/build/ferrobotics -- -j24 -l24
