[0.187s] Invoking command in '/home/zzy/ur_real/build/ur_bringup': CMAKE_PREFIX_PATH=/opt/ros/humble CONDA_PROMPT_MODIFIER=(base) /usr/bin/cmake --build /home/zzy/ur_real/build/ur_bringup -- -j24 -l24
[0.222s] [35m[1mConsolidate compiler generated dependencies of target ur_bringup[0m
[0.239s] [ 50%] [32mBuilding CXX object CMakeFiles/ur_bringup.dir/src/moveit_bringup.cpp.o[0m
[3.364s] [01m[K/home/zzy/ur_real/src/ur_bringup/src/moveit_bringup.cpp:[m[K In function â€˜[01m[Kint main(int, char**)[m[Kâ€™:
[3.364s] [01m[K/home/zzy/ur_real/src/ur_bringup/src/moveit_bringup.cpp:13:5:[m[K [01;31m[Kerror: [m[Kâ€˜[01m[Kros[m[Kâ€™ has not been declared
[3.364s]    13 |     [01;31m[Kros[m[K::init(argc, argv, "panda_arm_kinematics");
[3.364s]       |     [01;31m[K^~~[m[K
[3.364s] [01m[K/home/zzy/ur_real/src/ur_bringup/src/moveit_bringup.cpp:14:5:[m[K [01;31m[Kerror: [m[Kâ€˜[01m[Kros[m[Kâ€™ has not been declared
[3.364s]    14 |     [01;31m[Kros[m[K::AsyncSpinner spinner(1);
[3.364s]       |     [01;31m[K^~~[m[K
[3.368s] [01m[K/home/zzy/ur_real/src/ur_bringup/src/moveit_bringup.cpp:15:5:[m[K [01;31m[Kerror: [m[Kâ€˜[01m[Kspinner[m[Kâ€™ was not declared in this scope
[3.368s]    15 |     [01;31m[Kspinner[m[K.start();
[3.368s]       |     [01;31m[K^~~~~~~[m[K
[3.368s] [01m[K/home/zzy/ur_real/src/ur_bringup/src/moveit_bringup.cpp:17:5:[m[K [01;31m[Kerror: [m[Kâ€˜[01m[Krobot_model_loader[m[Kâ€™ has not been declared
[3.368s]    17 |     [01;31m[Krobot_model_loader[m[K::RobotModelLoader robot_model_loader("robot_description");
[3.368s]       |     [01;31m[K^~~~~~~~~~~~~~~~~~[m[K
[3.374s] [01m[K/home/zzy/ur_real/src/ur_bringup/src/moveit_bringup.cpp:18:58:[m[K [01;31m[Kerror: [m[Kâ€˜[01m[Krobot_model_loader[m[Kâ€™ was not declared in this scope
[3.374s]    18 |     const moveit::core::RobotModelPtr& kinematic_model = [01;31m[Krobot_model_loader[m[K.getModel();
[3.374s]       |                                                          [01;31m[K^~~~~~~~~~~~~~~~~~[m[K
[3.377s] [01m[K/home/zzy/ur_real/src/ur_bringup/src/moveit_bringup.cpp:24:49:[m[K [01;31m[Kerror: [m[Kinvalid operands of types â€˜[01m[Kconst char [26][m[Kâ€™ and â€˜[01m[Kconst char*[m[Kâ€™ to binary â€˜[01m[Koperator<<[m[Kâ€™
[3.377s]    24 |     ROS_INFO_STREAM([32m[K"Test 1: Current state is "[m[K [01;31m[K<<[m[K [34m[K(collision_result.collision ? "in" : "not in")[m[K << " self collision");//è¾“å‡ºcollision_resultä¸­çš„æ£€æµ‹ç»“æžœ
[3.377s]       |                     [32m[K~~~~~~~~~~~~~~~~~~~~~~~~~~~[m[K [01;31m[K^~[m[K [34m[K~~~~~~~~~~~~~~~~~~~~~~~~~~~~~~~~~~~~~~~~~~~~~~[m[K
[3.377s]       |                     [32m[K|[m[K                                                          [34m[K|[m[K
[3.377s]       |                     [32m[Kconst char [26][m[K                                            [34m[Kconst char*[m[K
[3.383s] [01m[K/home/zzy/ur_real/src/ur_bringup/src/moveit_bringup.cpp:24:5:[m[K [01;31m[Kerror: [m[Kâ€˜[01m[KROS_INFO_STREAM[m[Kâ€™ was not declared in this scope; did you mean â€˜[01m[KRCLCPP_INFO_STREAM[m[Kâ€™?
[3.383s]    24 |     [01;31m[KROS_INFO_STREAM[m[K("Test 1: Current state is " << (collision_result.collision ? "in" : "not in") << " self collision");//è¾“å‡ºcollision_resultä¸­çš„æ£€æµ‹ç»“æžœ
[3.383s]       |     [01;31m[K^~~~~~~~~~~~~~~[m[K
[3.383s]       |     [32m[KRCLCPP_INFO_STREAM[m[K
[3.383s] [01m[K/home/zzy/ur_real/src/ur_bringup/src/moveit_bringup.cpp:31:49:[m[K [01;31m[Kerror: [m[Kinvalid operands of types â€˜[01m[Kconst char [26][m[Kâ€™ and â€˜[01m[Kconst char*[m[Kâ€™ to binary â€˜[01m[Koperator<<[m[Kâ€™
[3.383s]    31 |     ROS_INFO_STREAM([32m[K"Test 2: Current state is "[m[K [01;31m[K<<[m[K [34m[K(collision_result.collision ? "in" : "not in")[m[K << " self collision");//è¾“å‡ºæ£€æµ‹ç»“æžœ
[3.383s]       |                     [32m[K~~~~~~~~~~~~~~~~~~~~~~~~~~~[m[K [01;31m[K^~[m[K [34m[K~~~~~~~~~~~~~~~~~~~~~~~~~~~~~~~~~~~~~~~~~~~~~~[m[K
[3.383s]       |                     [32m[K|[m[K                                                          [34m[K|[m[K
[3.383s]       |                     [32m[Kconst char [26][m[K                                            [34m[Kconst char*[m[K
[4.812s] gmake[2]: *** [CMakeFiles/ur_bringup.dir/build.make:76ï¼šCMakeFiles/ur_bringup.dir/src/moveit_bringup.cpp.o] é”™è¯¯ 1
[4.812s] gmake[1]: *** [CMakeFiles/Makefile2:137ï¼šCMakeFiles/ur_bringup.dir/all] é”™è¯¯ 2
[4.812s] gmake: *** [Makefile:146ï¼šall] é”™è¯¯ 2
[4.814s] Invoked command in '/home/zzy/ur_real/build/ur_bringup' returned '2': CMAKE_PREFIX_PATH=/opt/ros/humble CONDA_PROMPT_MODIFIER=(base) /usr/bin/cmake --build /home/zzy/ur_real/build/ur_bringup -- -j24 -l24
