[0.020s] Invoking command in '/home/zzy/ur_real/build/ferrobotics': CMAKE_PREFIX_PATH=/opt/ros/humble /usr/bin/cmake --build /home/zzy/ur_real/build/ferrobotics -- -j24 -l24
[0.253s] -- Found ament_cmake: 1.3.9 (/opt/ros/humble/share/ament_cmake/cmake)
[0.253s] -- Override CMake install command with custom implementation using symlinks instead of copying resources
[0.253s] -- Found rclcpp: 16.0.9 (/opt/ros/humble/share/rclcpp/cmake)
[0.254s] -- Found rosidl_generator_c: 3.1.5 (/opt/ros/humble/share/rosidl_generator_c/cmake)
[0.254s] -- Found rosidl_adapter: 3.1.5 (/opt/ros/humble/share/rosidl_adapter/cmake)
[0.254s] -- Found rosidl_generator_cpp: 3.1.5 (/opt/ros/humble/share/rosidl_generator_cpp/cmake)
[0.254s] -- Using all available rosidl_typesupport_c: rosidl_typesupport_fastrtps_c;rosidl_typesupport_introspection_c
[0.254s] -- Using all available rosidl_typesupport_cpp: rosidl_typesupport_fastrtps_cpp;rosidl_typesupport_introspection_cpp
[0.254s] -- Found rmw_implementation_cmake: 6.1.2 (/opt/ros/humble/share/rmw_implementation_cmake/cmake)
[0.254s] -- Found rmw_cyclonedds_cpp: 1.3.4 (/opt/ros/humble/share/rmw_cyclonedds_cpp/cmake)
[0.254s] -- Using RMW implementation 'rmw_cyclonedds_cpp' as default
[0.323s] -- Found rclpy: 3.3.13 (/opt/ros/humble/share/rclpy/cmake)
[0.323s] -- Found rosidl_default_generators: 1.2.0 (/opt/ros/humble/share/rosidl_default_generators/cmake)
[0.524s] -- Found ament_cmake_ros: 0.10.0 (/opt/ros/humble/share/ament_cmake_ros/cmake)
[0.759s] -- Using all available rosidl_typesupport_c: rosidl_typesupport_fastrtps_c;rosidl_typesupport_introspection_c
[0.853s] -- Using all available rosidl_typesupport_cpp: rosidl_typesupport_fastrtps_cpp;rosidl_typesupport_introspection_cpp
[0.868s] -- Found python_cmake_module: 0.10.0 (/opt/ros/humble/share/python_cmake_module/cmake)
[0.883s] -- Using PYTHON_EXECUTABLE: /home/zzy/anaconda3/bin/python3
[0.883s] -- Using PYTHON_INCLUDE_DIRS: /home/zzy/anaconda3/include/python3.11
[0.883s] -- Using PYTHON_LIBRARIES: /home/zzy/anaconda3/lib/libpython3.11.so
[0.971s] -- Using numpy include directory: /home/zzy/anaconda3/lib/python3.11/site-packages/numpy/core/include
[0.978s] -- Found ament_lint_auto: 0.12.11 (/opt/ros/humble/share/ament_lint_auto/cmake)
[0.992s] -- Added test 'cppcheck' to perform static code analysis on C / C++ code
[0.992s] -- Configured cppcheck include dirs: 
[0.992s] -- Configured cppcheck exclude dirs and/or files: 
[0.993s] -- Added test 'flake8' to check Python code syntax and style conventions
[0.995s] -- Added test 'lint_cmake' to check CMake code style
[0.997s] -- Added test 'pep257' to check Python code against some of the docstring style conventions in PEP 257
[1.005s] -- Added test 'uncrustify' to check C / C++ code style
[1.005s] -- Configured uncrustify additional arguments: 
[1.006s] -- Added test 'xmllint' to check XML markup files
[1.007s] -- Configuring done
[1.028s] -- Generating done
[1.029s] -- Build files have been written to: /home/zzy/ur_real/build/ferrobotics
[1.047s] [  2%] [34m[1mGenerating C code for ROS interfaces[0m
[1.053s] [  4%] [34m[1mGenerating C++ code for ROS interfaces[0m
[1.058s] [  4%] Built target ament_cmake_python_symlink_ferrobotics
[1.127s] Traceback (most recent call last):
[1.127s]   File "/home/zzy/ur_real/build/ferrobotics/ament_cmake_python/ferrobotics/setup.py", line 1, in <module>
[1.128s]     from setuptools import find_packages
[1.128s]   File "/home/zzy/anaconda3/lib/python3.11/site-packages/setuptools/__init__.py", line 27, in <module>
[1.128s]     from .dist import Distribution
[1.128s]   File "/home/zzy/anaconda3/lib/python3.11/site-packages/setuptools/dist.py", line 18, in <module>
[1.128s]     from . import (
[1.128s]   File "/home/zzy/anaconda3/lib/python3.11/site-packages/setuptools/_entry_points.py", line 6, in <module>
[1.128s]     from jaraco.text import yield_lines
[1.128s]   File "/home/zzy/anaconda3/lib/python3.11/site-packages/setuptools/_vendor/jaraco/text/__init__.py", line 12, in <module>
[1.128s]     from jaraco.context import ExceptionTrap
[1.128s]   File "/home/zzy/anaconda3/lib/python3.11/site-packages/setuptools/_vendor/jaraco/context.py", line 17, in <module>
[1.128s]     from backports import tarfile
[1.128s] ImportError: cannot import name 'tarfile' from 'backports' (/home/zzy/anaconda3/lib/python3.11/site-packages/backports/__init__.py)
[1.137s] gmake[2]: *** [CMakeFiles/ament_cmake_python_build_ferrobotics_egg.dir/build.make:70ÔºöCMakeFiles/ament_cmake_python_build_ferrobotics_egg] ÈîôËØØ 1
[1.137s] gmake[1]: *** [CMakeFiles/Makefile2:447ÔºöCMakeFiles/ament_cmake_python_build_ferrobotics_egg.dir/all] ÈîôËØØ 2
[1.137s] gmake[1]: *** Ê≠£Âú®Á≠âÂæÖÊú™ÂÆåÊàêÁöÑ‰ªªÂä°....
[1.252s] [35m[1mConsolidate compiler generated dependencies of target ferrobotics__rosidl_generator_c[0m
[1.254s] [  4%] Built target ferrobotics__cpp
[1.259s] [  8%] [32mBuilding C object CMakeFiles/ferrobotics__rosidl_generator_c.dir/rosidl_generator_c/ferrobotics/srv/detail/set_float__functions.c.o[0m
[1.259s] [  8%] [32mBuilding C object CMakeFiles/ferrobotics__rosidl_generator_c.dir/rosidl_generator_c/ferrobotics/msg/detail/acf_telem__functions.c.o[0m
[1.259s] [ 10%] [32mBuilding C object CMakeFiles/ferrobotics__rosidl_generator_c.dir/rosidl_generator_c/ferrobotics/srv/detail/set_duration__functions.c.o[0m
[1.296s] [ 12%] [32m[1mLinking C shared library libferrobotics__rosidl_generator_c.so[0m
[1.320s] [ 12%] Built target ferrobotics__rosidl_generator_c
[1.321s] gmake: *** [Makefile:146Ôºöall] ÈîôËØØ 2
