[01m[K/home/zzy/ur_real/src/ur_bringup/src/moveit_bringup.cpp:39:33:[m[K [01;31m[Kerror: [m[Kâ€˜[01m[KRobotModelLoader[m[Kâ€™ is not a member of â€˜[01m[Kmoveit::core[m[Kâ€™; did you mean â€˜[01m[KRobotModelWeakPtr[m[Kâ€™?
   39 |   std::shared_ptr<moveit::core::[01;31m[KRobotModelLoader[m[K> robot_model_loader_;
      |                                 [01;31m[K^~~~~~~~~~~~~~~~[m[K
      |                                 [32m[KRobotModelWeakPtr[m[K
[01m[K/home/zzy/ur_real/src/ur_bringup/src/moveit_bringup.cpp:39:49:[m[K [01;31m[Kerror: [m[Ktemplate argument 1 is invalid
   39 |   std::shared_ptr<moveit::core::RobotModelLoader[01;31m[K>[m[K robot_model_loader_;
      |                                                 [01;31m[K^[m[K
[01m[K/home/zzy/ur_real/src/ur_bringup/src/moveit_bringup.cpp:[m[K In constructor â€˜[01m[KMoveIt2Node::MoveIt2Node()[m[Kâ€™:
[01m[K/home/zzy/ur_real/src/ur_bringup/src/moveit_bringup.cpp:15:58:[m[K [01;31m[Kerror: [m[Kâ€˜[01m[KRobotModelLoader[m[Kâ€™ is not a member of â€˜[01m[Kmoveit::core[m[Kâ€™; did you mean â€˜[01m[KRobotModelWeakPtr[m[Kâ€™?
   15 |     robot_model_loader_ = std::make_shared<moveit::core::[01;31m[KRobotModelLoader[m[K>("robot_description");
      |                                                          [01;31m[K^~~~~~~~~~~~~~~~[m[K
      |                                                          [32m[KRobotModelWeakPtr[m[K
[01m[K/home/zzy/ur_real/src/ur_bringup/src/moveit_bringup.cpp:15:75:[m[K [01;31m[Kerror: [m[Kno matching function for call to â€˜[01m[Kmake_shared<<expression error> >(const char [18])[m[Kâ€™
   15 | ot_model_loader_ = [01;31m[Kstd::make_shared<moveit::core::RobotModelLoader>("robot_description")[m[K;
      |                    [01;31m[K~~~~~~~~~~~~~~~~~~~~~~~~~~~~~~~~~~~~~~~~~~~~~~~~^~~~~~~~~~~~~~~~~~~~~[m[K

In file included from [01m[K/usr/include/c++/11/memory:77[m[K,
                 from [01m[K/opt/ros/humble/include/rclcpp/rclcpp/rclcpp.hpp:153[m[K,
                 from [01m[K/home/zzy/ur_real/src/ur_bringup/src/moveit_bringup.cpp:1[m[K:
[01m[K/usr/include/c++/11/bits/shared_ptr.h:875:5:[m[K [01;36m[Knote: [m[Kcandidate: â€˜[01m[Ktemplate<class _Tp, class ... _Args> std::shared_ptr<_Tp> std::make_shared(_Args&& ...)[m[Kâ€™
  875 |     [01;36m[Kmake_shared[m[K(_Args&&... __args)
      |     [01;36m[K^~~~~~~~~~~[m[K
[01m[K/usr/include/c++/11/bits/shared_ptr.h:875:5:[m[K [01;36m[Knote: [m[K  template argument deduction/substitution failed:
[01m[K/home/zzy/ur_real/src/ur_bringup/src/moveit_bringup.cpp:15:75:[m[K [01;31m[Kerror: [m[Ktemplate argument 1 is invalid
   15 | ot_model_loader_ = [01;31m[Kstd::make_shared<moveit::core::RobotModelLoader>("robot_description")[m[K;
      |                    [01;31m[K~~~~~~~~~~~~~~~~~~~~~~~~~~~~~~~~~~~~~~~~~~~~~~~~^~~~~~~~~~~~~~~~~~~~~[m[K

[01m[K/home/zzy/ur_real/src/ur_bringup/src/moveit_bringup.cpp:16:39:[m[K [01;31m[Kerror: [m[Kbase operand of â€˜[01m[K->[m[Kâ€™ is not a pointer
   16 |     robot_model_ = robot_model_loader_[01;31m[K->[m[KgetModel();
      |                                       [01;31m[K^~[m[K
gmake[2]: *** [CMakeFiles/ur_bringup.dir/build.make:76ï¼šCMakeFiles/ur_bringup.dir/src/moveit_bringup.cpp.o] é”™è¯¯ 1
gmake[1]: *** [CMakeFiles/Makefile2:137ï¼šCMakeFiles/ur_bringup.dir/all] é”™è¯¯ 2
gmake: *** [Makefile:146ï¼šall] é”™è¯¯ 2
