[0.188s] Invoking command in '/home/zzy/ur_real/build/ur_bringup': CMAKE_PREFIX_PATH=/opt/ros/humble CONDA_PROMPT_MODIFIER=(base) /usr/bin/cmake --build /home/zzy/ur_real/build/ur_bringup -- -j24 -l24
[0.208s] -- Found ament_cmake: 1.3.9 (/opt/ros/humble/share/ament_cmake/cmake)
[0.301s] -- Override CMake install command with custom implementation using symlinks instead of copying resources
[0.305s] -- Found rclcpp: 16.0.9 (/opt/ros/humble/share/rclcpp/cmake)
[0.327s] -- Found rosidl_generator_c: 3.1.5 (/opt/ros/humble/share/rosidl_generator_c/cmake)
[0.329s] -- Found rosidl_adapter: 3.1.5 (/opt/ros/humble/share/rosidl_adapter/cmake)
[0.333s] -- Found rosidl_generator_cpp: 3.1.5 (/opt/ros/humble/share/rosidl_generator_cpp/cmake)
[0.341s] -- Using all available rosidl_typesupport_c: rosidl_typesupport_fastrtps_c;rosidl_typesupport_introspection_c
[0.352s] -- Using all available rosidl_typesupport_cpp: rosidl_typesupport_fastrtps_cpp;rosidl_typesupport_introspection_cpp
[0.395s] -- Found rmw_implementation_cmake: 6.1.2 (/opt/ros/humble/share/rmw_implementation_cmake/cmake)
[0.396s] -- Found rmw_cyclonedds_cpp: 1.3.4 (/opt/ros/humble/share/rmw_cyclonedds_cpp/cmake)
[0.418s] -- Using RMW implementation 'rmw_cyclonedds_cpp' as default
[0.535s] -- Found sensor_msgs: 4.2.4 (/opt/ros/humble/share/sensor_msgs/cmake)
[0.629s] -- Found moveit_ros_planning_interface: 2.5.5 (/opt/ros/humble/share/moveit_ros_planning_interface/cmake)
[0.637s] -- Found Boost: /home/zzy/anaconda3/lib/cmake/Boost-1.82.0/BoostConfig.cmake (found version "1.82.0") found components: date_time filesystem program_options system thread 
[1.151s] -- Found Boost: /home/zzy/anaconda3/lib/cmake/Boost-1.82.0/BoostConfig.cmake (found version "1.82.0") found components: chrono date_time filesystem iostreams program_options regex serialization system thread 
[1.156s] -- Found parameter_traits: 0.3.8 (/opt/ros/humble/share/parameter_traits/cmake)
[1.165s] -- Found rclcpp_lifecycle: 16.0.9 (/opt/ros/humble/share/rclcpp_lifecycle/cmake)
[1.197s] -- Found Boost: /home/zzy/anaconda3/lib/cmake/Boost-1.82.0/BoostConfig.cmake (found version "1.82.0") found components: filesystem 
[1.226s] -- library: /usr/lib/x86_64-linux-gnu/libcurl.so
[1.340s] -- Ensuring Eigen3 include directory is part of orocos-kdl CMake target
[1.709s] -- Found Boost: /home/zzy/anaconda3/lib/cmake/Boost-1.82.0/BoostConfig.cmake (found version "1.82.0") found components: system filesystem date_time program_options thread chrono 
[2.100s] -- Found Boost: /home/zzy/anaconda3/lib/cmake/Boost-1.82.0/BoostConfig.cmake (found version "1.82.0") found components: thread system filesystem regex date_time program_options 
[2.282s] -- Found Boost: /home/zzy/anaconda3/lib/cmake/Boost-1.82.0/BoostConfig.cmake (found version "1.82.0") found components: system filesystem date_time program_options thread 
[2.587s] -- Found ament_lint_auto: 0.12.11 (/opt/ros/humble/share/ament_lint_auto/cmake)
[2.654s] -- Added test 'cppcheck' to perform static code analysis on C / C++ code
[2.654s] -- Configured cppcheck include dirs: /home/zzy/ur_real/src/ur_bringup/$<BUILD_INTERFACE:/opt/ros/humble/include/rclcpp;/home/zzy/ur_real/src/ur_bringup/$<BUILD_INTERFACE:/opt/ros/humble/include/builtin_interfaces;/home/zzy/ur_real/src/ur_bringup/$<BUILD_INTERFACE:/opt/ros/humble/include/geometry_msgs;/home/zzy/ur_real/src/ur_bringup/$<BUILD_INTERFACE:/opt/ros/humble/include/angles;/home/zzy/ur_real/src/ur_bringup/$<BUILD_INTERFACE:/opt/ros/humble/include/pluginlib
[2.654s] -- Configured cppcheck exclude dirs and/or files: 
[2.654s] -- Added test 'flake8' to check Python code syntax and style conventions
[2.655s] -- Added test 'lint_cmake' to check CMake code style
[2.655s] -- Added test 'pep257' to check Python code against some of the docstring style conventions in PEP 257
[2.655s] -- Added test 'uncrustify' to check C / C++ code style
[2.655s] -- Configured uncrustify additional arguments: 
[2.655s] -- Added test 'xmllint' to check XML markup files
[2.656s] -- Configuring done
[2.673s] [33mCMake Warning at CMakeLists.txt:18 (add_executable):
[2.673s]   Cannot generate a safe runtime search path for target ur_bringup because
[2.674s]   files in some directories may conflict with libraries in implicit
[2.674s]   directories:
[2.674s] 
[2.674s]     runtime library [libcurl.so.4] in /usr/lib/x86_64-linux-gnu may be hidden by files in:
[2.674s]       /home/zzy/anaconda3/lib
[2.674s]     runtime library [libcrypto.so.3] in /usr/lib/x86_64-linux-gnu may be hidden by files in:
[2.674s]       /home/zzy/anaconda3/lib
[2.674s] 
[2.674s]   Some of these libraries may not be found correctly.
[2.674s] 
[2.674s] [0m
[2.674s] -- Generating done
[2.676s] -- Build files have been written to: /home/zzy/ur_real/build/ur_bringup
[2.704s] [ 50%] [32mBuilding CXX object CMakeFiles/ur_bringup.dir/src/moveit_bringup.cpp.o[0m
[2.889s] [01m[K/home/zzy/ur_real/src/ur_bringup/src/moveit_bringup.cpp:2:10:[m[K [01;31m[Kfatal error: [m[Kmoveit/planning_interface/planning_interface.hpp: æ²¡æœ‰é‚£ä¸ªæ–‡ä»¶æˆ–ç›®å½•
[2.890s]     2 | #include [01;31m[K"moveit/planning_interface/planning_interface.hpp"[m[K
[2.890s]       |          [01;31m[K^~~~~~~~~~~~~~~~~~~~~~~~~~~~~~~~~~~~~~~~~~~~~~~~~~[m[K
[2.890s] compilation terminated.
[2.899s] gmake[2]: *** [CMakeFiles/ur_bringup.dir/build.make:76ï¼šCMakeFiles/ur_bringup.dir/src/moveit_bringup.cpp.o] é”™è¯¯ 1
[2.899s] gmake[1]: *** [CMakeFiles/Makefile2:137ï¼šCMakeFiles/ur_bringup.dir/all] é”™è¯¯ 2
[2.899s] gmake: *** [Makefile:146ï¼šall] é”™è¯¯ 2
[2.901s] Invoked command in '/home/zzy/ur_real/build/ur_bringup' returned '2': CMAKE_PREFIX_PATH=/opt/ros/humble CONDA_PROMPT_MODIFIER=(base) /usr/bin/cmake --build /home/zzy/ur_real/build/ur_bringup -- -j24 -l24
