[  2%] Built target ferrobotics__cpp
[ 12%] Built target ferrobotics__rosidl_generator_c
[ 12%] Built target ament_cmake_python_symlink_ferrobotics
[35m[1mConsolidate compiler generated dependencies of target ferrobotics__rosidl_typesupport_cpp[0m
[35m[1mConsolidate compiler generated dependencies of target ferrobotics__rosidl_typesupport_introspection_c[0m
[35m[1mConsolidate compiler generated dependencies of target ferrobotics__rosidl_typesupport_fastrtps_cpp[0m
[35m[1mConsolidate compiler generated dependencies of target ferrobotics__rosidl_typesupport_c[0m
[35m[1mConsolidate compiler generated dependencies of target ferrobotics__rosidl_typesupport_introspection_cpp[0m
[35m[1mConsolidate compiler generated dependencies of target ferrobotics__rosidl_typesupport_fastrtps_c[0m
[ 34%] Built target ferrobotics__rosidl_typesupport_introspection_c
[ 34%] Built target ferrobotics__rosidl_typesupport_cpp
[ 44%] Built target ferrobotics__rosidl_typesupport_c
[ 55%] Built target ferrobotics__rosidl_typesupport_fastrtps_cpp
[ 65%] Built target ferrobotics__rosidl_typesupport_introspection_cpp
[ 76%] Built target ferrobotics__rosidl_typesupport_fastrtps_c
[ 76%] Built target ferrobotics
[ 78%] [34m[1mGenerating Python code for ROS interfaces[0m
Traceback (most recent call last):
  File "/home/zzy/ur_real/build/ferrobotics/ament_cmake_python/ferrobotics/setup.py", line 1, in <module>
    from setuptools import find_packages
  File "/home/zzy/anaconda3/lib/python3.11/site-packages/setuptools/__init__.py", line 27, in <module>
    from .dist import Distribution
  File "/home/zzy/anaconda3/lib/python3.11/site-packages/setuptools/dist.py", line 18, in <module>
    from . import (
  File "/home/zzy/anaconda3/lib/python3.11/site-packages/setuptools/_entry_points.py", line 6, in <module>
    from jaraco.text import yield_lines
  File "/home/zzy/anaconda3/lib/python3.11/site-packages/setuptools/_vendor/jaraco/text/__init__.py", line 12, in <module>
    from jaraco.context import ExceptionTrap
  File "/home/zzy/anaconda3/lib/python3.11/site-packages/setuptools/_vendor/jaraco/context.py", line 17, in <module>
    from backports import tarfile
ImportError: cannot import name 'tarfile' from 'backports' (/home/zzy/anaconda3/lib/python3.11/site-packages/backports/__init__.py)
gmake[2]: *** [CMakeFiles/ament_cmake_python_build_ferrobotics_egg.dir/build.make:70ï¼šCMakeFiles/ament_cmake_python_build_ferrobotics_egg] é”™è¯¯ 1
gmake[1]: *** [CMakeFiles/Makefile2:447ï¼šCMakeFiles/ament_cmake_python_build_ferrobotics_egg.dir/all] é”™è¯¯ 2
gmake[1]: *** æ­£åœ¨ç­‰å¾…æœªå®Œæˆçš„ä»»åŠ¡....
[ 78%] Built target ferrobotics__py
gmake: *** [Makefile:146ï¼šall] é”™è¯¯ 2
