[0.017s] Invoking command in '/home/zzy/ur_real/build/ferrobotics': CMAKE_PREFIX_PATH=/opt/ros/humble /usr/bin/cmake --build /home/zzy/ur_real/build/ferrobotics -- -j24 -l24
[0.282s] [  2%] Built target ferrobotics__cpp
[0.282s] [ 12%] Built target ferrobotics__rosidl_generator_c
[0.283s] [ 12%] Built target ament_cmake_python_symlink_ferrobotics
[0.283s] [35m[1mConsolidate compiler generated dependencies of target ferrobotics__rosidl_typesupport_cpp[0m
[0.283s] [35m[1mConsolidate compiler generated dependencies of target ferrobotics__rosidl_typesupport_introspection_c[0m
[0.283s] [35m[1mConsolidate compiler generated dependencies of target ferrobotics__rosidl_typesupport_fastrtps_cpp[0m
[0.283s] [35m[1mConsolidate compiler generated dependencies of target ferrobotics__rosidl_typesupport_c[0m
[0.283s] [35m[1mConsolidate compiler generated dependencies of target ferrobotics__rosidl_typesupport_introspection_cpp[0m
[0.283s] [35m[1mConsolidate compiler generated dependencies of target ferrobotics__rosidl_typesupport_fastrtps_c[0m
[0.283s] [ 34%] Built target ferrobotics__rosidl_typesupport_introspection_c
[0.283s] [ 34%] Built target ferrobotics__rosidl_typesupport_cpp
[0.283s] [ 44%] Built target ferrobotics__rosidl_typesupport_c
[0.283s] [ 55%] Built target ferrobotics__rosidl_typesupport_fastrtps_cpp
[0.283s] [ 65%] Built target ferrobotics__rosidl_typesupport_introspection_cpp
[0.283s] [ 76%] Built target ferrobotics__rosidl_typesupport_fastrtps_c
[0.283s] [ 76%] Built target ferrobotics
[0.283s] [ 78%] [34m[1mGenerating Python code for ROS interfaces[0m
[0.284s] Traceback (most recent call last):
[0.284s]   File "/home/zzy/ur_real/build/ferrobotics/ament_cmake_python/ferrobotics/setup.py", line 1, in <module>
[0.284s]     from setuptools import find_packages
[0.284s]   File "/home/zzy/anaconda3/lib/python3.11/site-packages/setuptools/__init__.py", line 27, in <module>
[0.284s]     from .dist import Distribution
[0.284s]   File "/home/zzy/anaconda3/lib/python3.11/site-packages/setuptools/dist.py", line 18, in <module>
[0.284s]     from . import (
[0.284s]   File "/home/zzy/anaconda3/lib/python3.11/site-packages/setuptools/_entry_points.py", line 6, in <module>
[0.284s]     from jaraco.text import yield_lines
[0.284s]   File "/home/zzy/anaconda3/lib/python3.11/site-packages/setuptools/_vendor/jaraco/text/__init__.py", line 12, in <module>
[0.284s]     from jaraco.context import ExceptionTrap
[0.284s]   File "/home/zzy/anaconda3/lib/python3.11/site-packages/setuptools/_vendor/jaraco/context.py", line 17, in <module>
[0.284s]     from backports import tarfile
[0.284s] ImportError: cannot import name 'tarfile' from 'backports' (/home/zzy/anaconda3/lib/python3.11/site-packages/backports/__init__.py)
[0.284s] gmake[2]: *** [CMakeFiles/ament_cmake_python_build_ferrobotics_egg.dir/build.make:70ï¼šCMakeFiles/ament_cmake_python_build_ferrobotics_egg] é”™è¯¯ 1
[0.284s] gmake[1]: *** [CMakeFiles/Makefile2:447ï¼šCMakeFiles/ament_cmake_python_build_ferrobotics_egg.dir/all] é”™è¯¯ 2
[0.284s] gmake[1]: *** æ­£åœ¨ç­‰å¾…æœªå®Œæˆçš„ä»»åŠ¡....
[0.388s] [ 78%] Built target ferrobotics__py
[0.389s] gmake: *** [Makefile:146ï¼šall] é”™è¯¯ 2
[0.390s] Invoked command in '/home/zzy/ur_real/build/ferrobotics' returned '2': CMAKE_PREFIX_PATH=/opt/ros/humble /usr/bin/cmake --build /home/zzy/ur_real/build/ferrobotics -- -j24 -l24
