<?xml version="1.0" encoding="UTF-8"?>
<Site BuildName="(empty)"
	BuildStamp="20240822-1425-Experimental"
	Name="zzy-ROG"
	Generator="ctest-3.22.1"
	CompilerName="/usr/bin/c++"
	CompilerVersion="11.4.0"
	OSName="Linux"
	Hostname="zzy-ROG"
	OSRelease="6.2.0-39-generic"
	OSVersion="#40~22.04.1-Ubuntu SMP PREEMPT_DYNAMIC Thu Nov 16 10:53:04 UTC 2"
	OSPlatform="x86_64"
	Is64Bits="1"
	VendorString="GenuineIntel"
	VendorID="Intel Corporation"
	FamilyID="6"
	ModelID="151"
	ProcessorCacheSize="30720"
	NumberOfLogicalCPU="24"
	NumberOfPhysicalCPU="16"
	TotalVirtualMemory="15623"
	TotalPhysicalMemory="31706"
	LogicalProcessorsPerPhysical="1"
	ProcessorClockFrequency="3622.29"
	>
	<Testing>
		<StartDateTime>Aug 23 00:25 AEST</StartDateTime>
		<StartTestTime>1724336727</StartTestTime>
		<TestList/>
		<EndDateTime>Aug 23 00:25 AEST</EndDateTime>
		<EndTestTime>1724336727</EndTestTime>
		<ElapsedMinutes>0</ElapsedMinutes>
	</Testing>
</Site>
