[35m[1mConsolidate compiler generated dependencies of target ur_bringup[0m
[ 50%] [32mBuilding CXX object CMakeFiles/ur_bringup.dir/src/moveit_bringup.cpp.o[0m
[01m[K/home/zzy/ur_real/src/ur_bringup/src/moveit_bringup.cpp:[m[K In function â€˜[01m[Kint main(int, char**)[m[Kâ€™:
[01m[K/home/zzy/ur_real/src/ur_bringup/src/moveit_bringup.cpp:13:30:[m[K [01;31m[Kerror: [m[Kinvalid initialization of reference of type â€˜[01m[Kconst rclcpp::InitOptions&[m[Kâ€™ from expression of type â€˜[01m[Kconst char [21][m[Kâ€™
   13 |     rclcpp::init(argc, argv, [01;31m[K"panda_arm_kinematics"[m[K);
      |                              [01;31m[K^~~~~~~~~~~~~~~~~~~~~~[m[K
In file included from [01m[K/opt/ros/humble/include/rclcpp/rclcpp/logging.hpp:25[m[K,
                 from [01m[K/opt/ros/humble/include/rclcpp/rclcpp/client.hpp:40[m[K,
                 from [01m[K/opt/ros/humble/include/rclcpp/rclcpp/callback_group.hpp:24[m[K,
                 from [01m[K/opt/ros/humble/include/rclcpp/rclcpp/any_executable.hpp:20[m[K,
                 from [01m[K/opt/ros/humble/include/rclcpp/rclcpp/memory_strategy.hpp:25[m[K,
                 from [01m[K/opt/ros/humble/include/rclcpp/rclcpp/memory_strategies.hpp:18[m[K,
                 from [01m[K/opt/ros/humble/include/rclcpp/rclcpp/executor_options.hpp:20[m[K,
                 from [01m[K/opt/ros/humble/include/rclcpp/rclcpp/executor.hpp:37[m[K,
                 from [01m[K/opt/ros/humble/include/rclcpp/rclcpp/executors/multi_threaded_executor.hpp:25[m[K,
                 from [01m[K/opt/ros/humble/include/rclcpp/rclcpp/executors.hpp:21[m[K,
                 from [01m[K/opt/ros/humble/include/rclcpp/rclcpp/rclcpp.hpp:155[m[K,
                 from [01m[K/home/zzy/ur_real/src/ur_bringup/src/moveit_bringup.cpp:1[m[K:
[01m[K/opt/ros/humble/include/rclcpp/rclcpp/utilities.hpp:78:23:[m[K [01;36m[Knote: [m[Kin passing argument 3 of â€˜[01m[Kvoid rclcpp::init(int, const char* const*, const rclcpp::InitOptions&, rclcpp::SignalHandlerOptions)[m[Kâ€™
   78 |   [01;36m[Kconst InitOptions & init_options = InitOptions()[m[K,
      |   [01;36m[K~~~~~~~~~~~~~~~~~~~~^~~~~~~~~~~~~~~~~~~~~~~~~~~~[m[K
[01m[K/home/zzy/ur_real/src/ur_bringup/src/moveit_bringup.cpp:14:13:[m[K [01;31m[Kerror: [m[Kâ€˜[01m[KAsyncSpinner[m[Kâ€™ is not a member of â€˜[01m[Krclcpp[m[Kâ€™
   14 |     rclcpp::[01;31m[KAsyncSpinner[m[K spinner(1);
      |             [01;31m[K^~~~~~~~~~~~[m[K
[01m[K/home/zzy/ur_real/src/ur_bringup/src/moveit_bringup.cpp:15:5:[m[K [01;31m[Kerror: [m[Kâ€˜[01m[Kspinner[m[Kâ€™ was not declared in this scope
   15 |     [01;31m[Kspinner[m[K.start();
      |     [01;31m[K^~~~~~~[m[K
[01m[K/home/zzy/ur_real/src/ur_bringup/src/moveit_bringup.cpp:17:5:[m[K [01;31m[Kerror: [m[Kâ€˜[01m[Krobot_model_loader[m[Kâ€™ has not been declared
   17 |     [01;31m[Krobot_model_loader[m[K::RobotModelLoader robot_model_loader("robot_description");
      |     [01;31m[K^~~~~~~~~~~~~~~~~~[m[K
[01m[K/home/zzy/ur_real/src/ur_bringup/src/moveit_bringup.cpp:18:58:[m[K [01;31m[Kerror: [m[Kâ€˜[01m[Krobot_model_loader[m[Kâ€™ was not declared in this scope
   18 |     const moveit::core::RobotModelPtr& kinematic_model = [01;31m[Krobot_model_loader[m[K.getModel();
      |                                                          [01;31m[K^~~~~~~~~~~~~~~~~~[m[K
[01m[K/home/zzy/ur_real/src/ur_bringup/src/moveit_bringup.cpp:24:49:[m[K [01;31m[Kerror: [m[Kinvalid operands of types â€˜[01m[Kconst char [26][m[Kâ€™ and â€˜[01m[Kconst char*[m[Kâ€™ to binary â€˜[01m[Koperator<<[m[Kâ€™
   24 |     ROS_INFO_STREAM([32m[K"Test 1: Current state is "[m[K [01;31m[K<<[m[K [34m[K(collision_result.collision ? "in" : "not in")[m[K << " self collision");//è¾“å‡ºcollision_resultä¸­çš„æ£€æµ‹ç»“æžœ
      |                     [32m[K~~~~~~~~~~~~~~~~~~~~~~~~~~~[m[K [01;31m[K^~[m[K [34m[K~~~~~~~~~~~~~~~~~~~~~~~~~~~~~~~~~~~~~~~~~~~~~~[m[K
      |                     [32m[K|[m[K                                                          [34m[K|[m[K
      |                     [32m[Kconst char [26][m[K                                            [34m[Kconst char*[m[K
[01m[K/home/zzy/ur_real/src/ur_bringup/src/moveit_bringup.cpp:24:5:[m[K [01;31m[Kerror: [m[Kâ€˜[01m[KROS_INFO_STREAM[m[Kâ€™ was not declared in this scope; did you mean â€˜[01m[KRCLCPP_INFO_STREAM[m[Kâ€™?
   24 |     [01;31m[KROS_INFO_STREAM[m[K("Test 1: Current state is " << (collision_result.collision ? "in" : "not in") << " self collision");//è¾“å‡ºcollision_resultä¸­çš„æ£€æµ‹ç»“æžœ
      |     [01;31m[K^~~~~~~~~~~~~~~[m[K
      |     [32m[KRCLCPP_INFO_STREAM[m[K
[01m[K/home/zzy/ur_real/src/ur_bringup/src/moveit_bringup.cpp:31:49:[m[K [01;31m[Kerror: [m[Kinvalid operands of types â€˜[01m[Kconst char [26][m[Kâ€™ and â€˜[01m[Kconst char*[m[Kâ€™ to binary â€˜[01m[Koperator<<[m[Kâ€™
   31 |     ROS_INFO_STREAM([32m[K"Test 2: Current state is "[m[K [01;31m[K<<[m[K [34m[K(collision_result.collision ? "in" : "not in")[m[K << " self collision");//è¾“å‡ºæ£€æµ‹ç»“æžœ
      |                     [32m[K~~~~~~~~~~~~~~~~~~~~~~~~~~~[m[K [01;31m[K^~[m[K [34m[K~~~~~~~~~~~~~~~~~~~~~~~~~~~~~~~~~~~~~~~~~~~~~~[m[K
      |                     [32m[K|[m[K                                                          [34m[K|[m[K
      |                     [32m[Kconst char [26][m[K                                            [34m[Kconst char*[m[K
gmake[2]: *** [CMakeFiles/ur_bringup.dir/build.make:76ï¼šCMakeFiles/ur_bringup.dir/src/moveit_bringup.cpp.o] é”™è¯¯ 1
gmake[1]: *** [CMakeFiles/Makefile2:137ï¼šCMakeFiles/ur_bringup.dir/all] é”™è¯¯ 2
gmake: *** [Makefile:146ï¼šall] é”™è¯¯ 2
