[33mCMake Warning at CMakeLists.txt:18 (add_executable):
  Cannot generate a safe runtime search path for target ur_bringup because
  files in some directories may conflict with libraries in implicit
  directories:

    runtime library [libcurl.so.4] in /usr/lib/x86_64-linux-gnu may be hidden by files in:
      /home/zzy/anaconda3/lib
    runtime library [libcrypto.so.3] in /usr/lib/x86_64-linux-gnu may be hidden by files in:
      /home/zzy/anaconda3/lib

  Some of these libraries may not be found correctly.

[0m
[01m[K/home/zzy/ur_real/src/ur_bringup/src/check_collision.cpp:[m[K In function â€˜[01m[Kint main(int, char**)[m[Kâ€™:
[01m[K/home/zzy/ur_real/src/ur_bringup/src/check_collision.cpp:18:11:[m[K [01;31m[Kerror: [m[Kâ€˜[01m[Kmoveit::planning_scene_monitor[m[Kâ€™ has not been declared
   18 |   moveit::[01;31m[Kplanning_scene_monitor[m[K::PlanningSceneMonitor planning_scene_monitor(robot_description, robot_model_loader);
      |           [01;31m[K^~~~~~~~~~~~~~~~~~~~~~[m[K
[01m[K/home/zzy/ur_real/src/ur_bringup/src/check_collision.cpp:21:11:[m[K [01;31m[Kerror: [m[Kâ€˜[01m[Kmoveit::planning_scene[m[Kâ€™ has not been declared
   21 |   moveit::[01;31m[Kplanning_scene[m[K::PlanningScenePtr planning_scene = planning_scene_monitor.getPlanningScene();
      |           [01;31m[K^~~~~~~~~~~~~~[m[K
[01m[K/home/zzy/ur_real/src/ur_bringup/src/check_collision.cpp:25:50:[m[K [01;31m[Kerror: [m[Kâ€˜[01m[Kplanning_scene[m[Kâ€™ is not a member of â€˜[01m[Kmoveit[m[Kâ€™; did you mean â€˜[01m[Kplanning_scene[m[Kâ€™?
   25 |   auto planning_scene = std::make_shared<moveit::[01;31m[Kplanning_scene[m[K::PlanningScene>(/* your existing PlanningScene */);
      |                                                  [01;31m[K^~~~~~~~~~~~~~[m[K
In file included from [01m[K/home/zzy/ur_real/src/ur_bringup/src/check_collision.cpp:6[m[K:
[01m[K/opt/ros/humble/include/moveit/planning_scene/planning_scene.h:63:11:[m[K [01;36m[Knote: [m[Kâ€˜[01m[Kplanning_scene[m[Kâ€™ declared here
   63 | namespace [01;36m[Kplanning_scene[m[K
      |           [01;36m[K^~~~~~~~~~~~~~[m[K
[01m[K/home/zzy/ur_real/src/ur_bringup/src/check_collision.cpp:25:30:[m[K [01;31m[Kerror: [m[Kparse error in template argument list
   25 |   auto planning_scene = std::[01;31m[Kmake_shared<moveit::planning_scene::PlanningScene>[m[K(/* your existing PlanningScene */);
      |                              [01;31m[K^~~~~~~~~~~~~~~~~~~~~~~~~~~~~~~~~~~~~~~~~~~~~~~~~~[m[K
[01m[K/home/zzy/ur_real/src/ur_bringup/src/check_collision.cpp:25:80:[m[K [01;31m[Kerror: [m[Kno matching function for call to â€˜[01m[Kmake_shared<<expression error> >()[m[Kâ€™
   25 | ne = [01;31m[Kstd::make_shared<moveit::planning_scene::PlanningScene>(/* your existing PlanningScene */)[m[K;
      |      [01;31m[K~~~~~~~~~~~~~~~~~~~~~~~~~~~~~~~~~~~~~~~~~~~~~~~~~~~~~~~^~~~~~~~~~~~~~~~~~~~~~~~~~~~~~~~~~~[m[K

In file included from [01m[K/usr/include/c++/11/memory:77[m[K,
                 from [01m[K/opt/ros/humble/include/rclcpp/rclcpp/rclcpp.hpp:153[m[K,
                 from [01m[K/home/zzy/ur_real/src/ur_bringup/src/check_collision.cpp:1[m[K:
[01m[K/usr/include/c++/11/bits/shared_ptr.h:875:5:[m[K [01;36m[Knote: [m[Kcandidate: â€˜[01m[Ktemplate<class _Tp, class ... _Args> std::shared_ptr<_Tp> std::make_shared(_Args&& ...)[m[Kâ€™
  875 |     [01;36m[Kmake_shared[m[K(_Args&&... __args)
      |     [01;36m[K^~~~~~~~~~~[m[K
[01m[K/usr/include/c++/11/bits/shared_ptr.h:875:5:[m[K [01;36m[Knote: [m[K  template argument deduction/substitution failed:
[01m[K/home/zzy/ur_real/src/ur_bringup/src/check_collision.cpp:25:80:[m[K [01;31m[Kerror: [m[Ktemplate argument 1 is invalid
   25 | ne = [01;31m[Kstd::make_shared<moveit::planning_scene::PlanningScene>(/* your existing PlanningScene */)[m[K;
      |      [01;31m[K~~~~~~~~~~~~~~~~~~~~~~~~~~~~~~~~~~~~~~~~~~~~~~~~~~~~~~~^~~~~~~~~~~~~~~~~~~~~~~~~~~~~~~~~~~[m[K

gmake[2]: *** [CMakeFiles/ur_bringup.dir/build.make:76ï¼šCMakeFiles/ur_bringup.dir/src/check_collision.cpp.o] é”™è¯¯ 1
gmake[1]: *** [CMakeFiles/Makefile2:137ï¼šCMakeFiles/ur_bringup.dir/all] é”™è¯¯ 2
gmake: *** [Makefile:146ï¼šall] é”™è¯¯ 2
