[0.173s] Invoking command in '/home/zzy/ur_real/build/ur_bringup': CMAKE_PREFIX_PATH=/opt/ros/humble CONDA_PROMPT_MODIFIER=(base) /usr/bin/cmake --build /home/zzy/ur_real/build/ur_bringup -- -j24 -l24
[0.189s] -- Found ament_cmake: 1.3.9 (/opt/ros/humble/share/ament_cmake/cmake)
[0.268s] -- Override CMake install command with custom implementation using symlinks instead of copying resources
[0.273s] -- Found rclcpp: 16.0.9 (/opt/ros/humble/share/rclcpp/cmake)
[0.292s] -- Found rosidl_generator_c: 3.1.5 (/opt/ros/humble/share/rosidl_generator_c/cmake)
[0.293s] -- Found rosidl_adapter: 3.1.5 (/opt/ros/humble/share/rosidl_adapter/cmake)
[0.297s] -- Found rosidl_generator_cpp: 3.1.5 (/opt/ros/humble/share/rosidl_generator_cpp/cmake)
[0.304s] -- Using all available rosidl_typesupport_c: rosidl_typesupport_fastrtps_c;rosidl_typesupport_introspection_c
[0.314s] -- Using all available rosidl_typesupport_cpp: rosidl_typesupport_fastrtps_cpp;rosidl_typesupport_introspection_cpp
[0.351s] -- Found rmw_implementation_cmake: 6.1.2 (/opt/ros/humble/share/rmw_implementation_cmake/cmake)
[0.351s] -- Found rmw_cyclonedds_cpp: 1.3.4 (/opt/ros/humble/share/rmw_cyclonedds_cpp/cmake)
[0.370s] -- Using RMW implementation 'rmw_cyclonedds_cpp' as default
[0.470s] -- Found sensor_msgs: 4.2.4 (/opt/ros/humble/share/sensor_msgs/cmake)
[0.551s] -- Found moveit_ros_planning_interface: 2.5.5 (/opt/ros/humble/share/moveit_ros_planning_interface/cmake)
[0.558s] -- Found Boost: /home/zzy/anaconda3/lib/cmake/Boost-1.82.0/BoostConfig.cmake (found version "1.82.0") found components: date_time filesystem program_options system thread 
[1.020s] -- Found Boost: /home/zzy/anaconda3/lib/cmake/Boost-1.82.0/BoostConfig.cmake (found version "1.82.0") found components: chrono date_time filesystem iostreams program_options regex serialization system thread 
[1.024s] -- Found parameter_traits: 0.3.8 (/opt/ros/humble/share/parameter_traits/cmake)
[1.033s] -- Found rclcpp_lifecycle: 16.0.9 (/opt/ros/humble/share/rclcpp_lifecycle/cmake)
[1.061s] -- Found Boost: /home/zzy/anaconda3/lib/cmake/Boost-1.82.0/BoostConfig.cmake (found version "1.82.0") found components: filesystem 
[1.087s] -- library: /usr/lib/x86_64-linux-gnu/libcurl.so
[1.189s] -- Ensuring Eigen3 include directory is part of orocos-kdl CMake target
[1.527s] -- Found Boost: /home/zzy/anaconda3/lib/cmake/Boost-1.82.0/BoostConfig.cmake (found version "1.82.0") found components: system filesystem date_time program_options thread chrono 
[1.888s] -- Found Boost: /home/zzy/anaconda3/lib/cmake/Boost-1.82.0/BoostConfig.cmake (found version "1.82.0") found components: thread system filesystem regex date_time program_options 
[2.055s] -- Found Boost: /home/zzy/anaconda3/lib/cmake/Boost-1.82.0/BoostConfig.cmake (found version "1.82.0") found components: system filesystem date_time program_options thread 
[2.338s] -- Found ament_lint_auto: 0.12.11 (/opt/ros/humble/share/ament_lint_auto/cmake)
[2.399s] -- Added test 'cppcheck' to perform static code analysis on C / C++ code
[2.399s] -- Configured cppcheck include dirs: 
[2.399s] -- Configured cppcheck exclude dirs and/or files: 
[2.399s] -- Added test 'flake8' to check Python code syntax and style conventions
[2.400s] -- Added test 'lint_cmake' to check CMake code style
[2.400s] -- Added test 'pep257' to check Python code against some of the docstring style conventions in PEP 257
[2.403s] -- Added test 'uncrustify' to check C / C++ code style
[2.403s] -- Configured uncrustify additional arguments: 
[2.404s] -- Added test 'xmllint' to check XML markup files
[2.404s] -- Configuring done
[2.420s] [33mCMake Warning at CMakeLists.txt:18 (add_executable):
[2.420s]   Cannot generate a safe runtime search path for target ur_bringup because
[2.420s]   files in some directories may conflict with libraries in implicit
[2.420s]   directories:
[2.420s] 
[2.420s]     runtime library [libcurl.so.4] in /usr/lib/x86_64-linux-gnu may be hidden by files in:
[2.420s]       /home/zzy/anaconda3/lib
[2.420s]     runtime library [libcrypto.so.3] in /usr/lib/x86_64-linux-gnu may be hidden by files in:
[2.420s]       /home/zzy/anaconda3/lib
[2.420s] 
[2.420s]   Some of these libraries may not be found correctly.
[2.420s] 
[2.420s] [0m
[2.420s] -- Generating done
[2.422s] -- Build files have been written to: /home/zzy/ur_real/build/ur_bringup
[2.449s] [ 50%] [32mBuilding CXX object CMakeFiles/ur_bringup.dir/src/check_collision.cpp.o[0m
[6.069s] [01m[K/home/zzy/ur_real/src/ur_bringup/src/check_collision.cpp:[m[K In function â€˜[01m[Kint main(int, char**)[m[Kâ€™:
[6.069s] [01m[K/home/zzy/ur_real/src/ur_bringup/src/check_collision.cpp:18:11:[m[K [01;31m[Kerror: [m[Kâ€˜[01m[Kmoveit::planning_scene_monitor[m[Kâ€™ has not been declared
[6.069s]    18 |   moveit::[01;31m[Kplanning_scene_monitor[m[K::PlanningSceneMonitor planning_scene_monitor(robot_description, robot_model_loader);
[6.069s]       |           [01;31m[K^~~~~~~~~~~~~~~~~~~~~~[m[K
[6.069s] [01m[K/home/zzy/ur_real/src/ur_bringup/src/check_collision.cpp:21:11:[m[K [01;31m[Kerror: [m[Kâ€˜[01m[Kmoveit::planning_scene[m[Kâ€™ has not been declared
[6.069s]    21 |   moveit::[01;31m[Kplanning_scene[m[K::PlanningScenePtr planning_scene = planning_scene_monitor.getPlanningScene();
[6.069s]       |           [01;31m[K^~~~~~~~~~~~~~[m[K
[6.070s] [01m[K/home/zzy/ur_real/src/ur_bringup/src/check_collision.cpp:25:50:[m[K [01;31m[Kerror: [m[Kâ€˜[01m[Kplanning_scene[m[Kâ€™ is not a member of â€˜[01m[Kmoveit[m[Kâ€™; did you mean â€˜[01m[Kplanning_scene[m[Kâ€™?
[6.070s]    25 |   auto planning_scene = std::make_shared<moveit::[01;31m[Kplanning_scene[m[K::PlanningScene>(/* your existing PlanningScene */);
[6.070s]       |                                                  [01;31m[K^~~~~~~~~~~~~~[m[K
[6.070s] In file included from [01m[K/home/zzy/ur_real/src/ur_bringup/src/check_collision.cpp:6[m[K:
[6.070s] [01m[K/opt/ros/humble/include/moveit/planning_scene/planning_scene.h:63:11:[m[K [01;36m[Knote: [m[Kâ€˜[01m[Kplanning_scene[m[Kâ€™ declared here
[6.070s]    63 | namespace [01;36m[Kplanning_scene[m[K
[6.070s]       |           [01;36m[K^~~~~~~~~~~~~~[m[K
[6.070s] [01m[K/home/zzy/ur_real/src/ur_bringup/src/check_collision.cpp:25:30:[m[K [01;31m[Kerror: [m[Kparse error in template argument list
[6.070s]    25 |   auto planning_scene = std::[01;31m[Kmake_shared<moveit::planning_scene::PlanningScene>[m[K(/* your existing PlanningScene */);
[6.070s]       |                              [01;31m[K^~~~~~~~~~~~~~~~~~~~~~~~~~~~~~~~~~~~~~~~~~~~~~~~~~[m[K
[6.070s] [01m[K/home/zzy/ur_real/src/ur_bringup/src/check_collision.cpp:25:80:[m[K [01;31m[Kerror: [m[Kno matching function for call to â€˜[01m[Kmake_shared<<expression error> >()[m[Kâ€™
[6.070s]    25 | ne = [01;31m[Kstd::make_shared<moveit::planning_scene::PlanningScene>(/* your existing PlanningScene */)[m[K;
[6.070s]       |      [01;31m[K~~~~~~~~~~~~~~~~~~~~~~~~~~~~~~~~~~~~~~~~~~~~~~~~~~~~~~~^~~~~~~~~~~~~~~~~~~~~~~~~~~~~~~~~~~[m[K
[6.070s] 
[6.070s] In file included from [01m[K/usr/include/c++/11/memory:77[m[K,
[6.070s]                  from [01m[K/opt/ros/humble/include/rclcpp/rclcpp/rclcpp.hpp:153[m[K,
[6.070s]                  from [01m[K/home/zzy/ur_real/src/ur_bringup/src/check_collision.cpp:1[m[K:
[6.070s] [01m[K/usr/include/c++/11/bits/shared_ptr.h:875:5:[m[K [01;36m[Knote: [m[Kcandidate: â€˜[01m[Ktemplate<class _Tp, class ... _Args> std::shared_ptr<_Tp> std::make_shared(_Args&& ...)[m[Kâ€™
[6.070s]   875 |     [01;36m[Kmake_shared[m[K(_Args&&... __args)
[6.070s]       |     [01;36m[K^~~~~~~~~~~[m[K
[6.070s] [01m[K/usr/include/c++/11/bits/shared_ptr.h:875:5:[m[K [01;36m[Knote: [m[K  template argument deduction/substitution failed:
[6.070s] [01m[K/home/zzy/ur_real/src/ur_bringup/src/check_collision.cpp:25:80:[m[K [01;31m[Kerror: [m[Ktemplate argument 1 is invalid
[6.070s]    25 | ne = [01;31m[Kstd::make_shared<moveit::planning_scene::PlanningScene>(/* your existing PlanningScene */)[m[K;
[6.070s]       |      [01;31m[K~~~~~~~~~~~~~~~~~~~~~~~~~~~~~~~~~~~~~~~~~~~~~~~~~~~~~~~^~~~~~~~~~~~~~~~~~~~~~~~~~~~~~~~~~~[m[K
[6.070s] 
[7.865s] gmake[2]: *** [CMakeFiles/ur_bringup.dir/build.make:76ï¼šCMakeFiles/ur_bringup.dir/src/check_collision.cpp.o] é”™è¯¯ 1
[7.865s] gmake[1]: *** [CMakeFiles/Makefile2:137ï¼šCMakeFiles/ur_bringup.dir/all] é”™è¯¯ 2
[7.866s] gmake: *** [Makefile:146ï¼šall] é”™è¯¯ 2
[7.867s] Invoked command in '/home/zzy/ur_real/build/ur_bringup' returned '2': CMAKE_PREFIX_PATH=/opt/ros/humble CONDA_PROMPT_MODIFIER=(base) /usr/bin/cmake --build /home/zzy/ur_real/build/ur_bringup -- -j24 -l24
