[0.183s] Invoking command in '/home/zzy/ur_real/build/ur_bringup': CMAKE_PREFIX_PATH=/opt/ros/humble CONDA_PROMPT_MODIFIER=(base) /usr/bin/cmake --build /home/zzy/ur_real/build/ur_bringup -- -j24 -l24
[0.220s] [ 50%] [32mBuilding CXX object CMakeFiles/ur_bringup.dir/src/moveit_bringup.cpp.o[0m
[3.317s] [01m[K/home/zzy/ur_real/src/ur_bringup/src/moveit_bringup.cpp:64:27:[m[K [01;31m[Kerror: [m[Kâ€˜[01m[Kplanning_interface[m[Kâ€™ is not a member of â€˜[01m[Kmoveit[m[Kâ€™
[3.317s]    64 |   std::shared_ptr<moveit::[01;31m[Kplanning_interface[m[K::PlanningSceneInterface> planning_scene_interface_;
[3.317s]       |                           [01;31m[K^~~~~~~~~~~~~~~~~~[m[K
[3.317s] [01m[K/home/zzy/ur_real/src/ur_bringup/src/moveit_bringup.cpp:64:69:[m[K [01;31m[Kerror: [m[Ktemplate argument 1 is invalid
[3.317s]    64 |  std::shared_ptr<moveit::planning_interface::PlanningSceneInterface[01;31m[K>[m[K planning_scene_interface_;
[3.317s]       |                                                                    [01;31m[K^[m[K
[3.317s] 
[3.318s] [01m[K/home/zzy/ur_real/src/ur_bringup/src/moveit_bringup.cpp:[m[K In constructor â€˜[01m[KMoveIt2Node::MoveIt2Node()[m[Kâ€™:
[3.318s] [01m[K/home/zzy/ur_real/src/ur_bringup/src/moveit_bringup.cpp:16:58:[m[K [01;31m[Kerror: [m[Kâ€˜[01m[Kplanning_interface[m[Kâ€™ is not a member of â€˜[01m[Kmoveit[m[Kâ€™
[3.318s]    16 |     planning_scene_interface_ = std::make_shared<moveit::[01;31m[Kplanning_interface[m[K::PlanningSceneInterface>();
[3.318s]       |                                                          [01;31m[K^~~~~~~~~~~~~~~~~~[m[K
[3.318s] [01m[K/home/zzy/ur_real/src/ur_bringup/src/moveit_bringup.cpp:16:38:[m[K [01;31m[Kerror: [m[Kparse error in template argument list
[3.318s]    16 |     planning_scene_interface_ = std::[01;31m[Kmake_shared<moveit::planning_interface::PlanningSceneInterface>[m[K();
[3.318s]       |                                      [01;31m[K^~~~~~~~~~~~~~~~~~~~~~~~~~~~~~~~~~~~~~~~~~~~~~~~~~~~~~~~~~~~~~~[m[K
[3.318s] [01m[K/home/zzy/ur_real/src/ur_bringup/src/moveit_bringup.cpp:16:101:[m[K [01;31m[Kerror: [m[Kno matching function for call to â€˜[01m[Kmake_shared<<expression error> >()[m[Kâ€™
[3.318s]    16 | ace_ = [01;31m[Kstd::make_shared<moveit::planning_interface::PlanningSceneInterface>()[m[K;
[3.318s]       |        [01;31m[K~~~~~~~~~~~~~~~~~~~~~~~~~~~~~~~~~~~~~~~~~~~~~~~~~~~~~~~~~~~~~~~~~~~~^~[m[K
[3.318s] 
[3.318s] In file included from [01m[K/usr/include/c++/11/memory:77[m[K,
[3.318s]                  from [01m[K/opt/ros/humble/include/rclcpp/rclcpp/rclcpp.hpp:153[m[K,
[3.318s]                  from [01m[K/home/zzy/ur_real/src/ur_bringup/src/moveit_bringup.cpp:1[m[K:
[3.318s] [01m[K/usr/include/c++/11/bits/shared_ptr.h:875:5:[m[K [01;36m[Knote: [m[Kcandidate: â€˜[01m[Ktemplate<class _Tp, class ... _Args> std::shared_ptr<_Tp> std::make_shared(_Args&& ...)[m[Kâ€™
[3.319s]   875 |     [01;36m[Kmake_shared[m[K(_Args&&... __args)
[3.319s]       |     [01;36m[K^~~~~~~~~~~[m[K
[3.319s] [01m[K/usr/include/c++/11/bits/shared_ptr.h:875:5:[m[K [01;36m[Knote: [m[K  template argument deduction/substitution failed:
[3.319s] [01m[K/home/zzy/ur_real/src/ur_bringup/src/moveit_bringup.cpp:16:101:[m[K [01;31m[Kerror: [m[Ktemplate argument 1 is invalid
[3.319s]    16 | ace_ = [01;31m[Kstd::make_shared<moveit::planning_interface::PlanningSceneInterface>()[m[K;
[3.319s]       |        [01;31m[K~~~~~~~~~~~~~~~~~~~~~~~~~~~~~~~~~~~~~~~~~~~~~~~~~~~~~~~~~~~~~~~~~~~~^~[m[K
[3.319s] 
[3.333s] [01m[K/home/zzy/ur_real/src/ur_bringup/src/moveit_bringup.cpp:[m[K In member function â€˜[01m[Kvoid MoveIt2Node::jointStatesCallback(sensor_msgs::msg::JointState_<std::allocator<void> >::SharedPtr)[m[Kâ€™:
[3.333s] [01m[K/home/zzy/ur_real/src/ur_bringup/src/moveit_bringup.cpp:43:30:[m[K [01;31m[Kerror: [m[Kno matching function for call to â€˜[01m[Kmoveit::core::RobotState::RobotState()[m[Kâ€™
[3.333s]    43 |     moveit::core::RobotState [01;31m[Krobot_state[m[K;
[3.333s]       |                              [01;31m[K^~~~~~~~~~~[m[K
[3.333s] In file included from [01m[K/home/zzy/ur_real/src/ur_bringup/src/moveit_bringup.cpp:3[m[K:
[3.333s] [01m[K/opt/ros/humble/include/moveit/robot_state/robot_state.h:98:3:[m[K [01;36m[Knote: [m[Kcandidate: â€˜[01m[Kmoveit::core::RobotState::RobotState(const moveit::core::RobotState&)[m[Kâ€™
[3.333s]    98 |   [01;36m[KRobotState[m[K(const RobotState& other);
[3.333s]       |   [01;36m[K^~~~~~~~~~[m[K
[3.333s] [01m[K/opt/ros/humble/include/moveit/robot_state/robot_state.h:98:3:[m[K [01;36m[Knote: [m[K  candidate expects 1 argument, 0 provided
[3.333s] [01m[K/opt/ros/humble/include/moveit/robot_state/robot_state.h:94:3:[m[K [01;36m[Knote: [m[Kcandidate: â€˜[01m[Kmoveit::core::RobotState::RobotState(const RobotModelConstPtr&)[m[Kâ€™
[3.333s]    94 |   [01;36m[KRobotState[m[K(const RobotModelConstPtr& robot_model);
[3.333s]       |   [01;36m[K^~~~~~~~~~[m[K
[3.333s] [01m[K/opt/ros/humble/include/moveit/robot_state/robot_state.h:94:3:[m[K [01;36m[Knote: [m[K  candidate expects 1 argument, 0 provided
[3.333s] [01m[K/home/zzy/ur_real/src/ur_bringup/src/moveit_bringup.cpp:48:30:[m[K [01;31m[Kerror: [m[Kbase operand of â€˜[01m[K->[m[Kâ€™ is not a pointer
[3.333s]    48 |     planning_scene_interface_[01;31m[K->[m[KsetCurrentState(robot_state);
[3.333s]       |                              [01;31m[K^~[m[K
[3.333s] [01m[K/home/zzy/ur_real/src/ur_bringup/src/moveit_bringup.cpp:39:74:[m[K [01;35m[Kwarning: [m[Kunused parameter â€˜[01m[Kmsg[m[Kâ€™ [[01;35m[K]8;;https://gcc.gnu.org/onlinedocs/gcc/Warning-Options.html#index-Wunused-parameter-Wunused-parameter]8;;[m[K]
[3.334s]    39 |   void jointStatesCallback([01;35m[Kconst sensor_msgs::msg::JointState::SharedPtr msg[m[K)
[3.334s]       |                            [01;35m[K~~~~~~~~~~~~~~~~~~~~~~~~~~~~~~~~~~~~~~~~~~~~~~^~~[m[K
[6.472s] gmake[2]: *** [CMakeFiles/ur_bringup.dir/build.make:76ï¼šCMakeFiles/ur_bringup.dir/src/moveit_bringup.cpp.o] é”™è¯¯ 1
[6.472s] gmake[1]: *** [CMakeFiles/Makefile2:137ï¼šCMakeFiles/ur_bringup.dir/all] é”™è¯¯ 2
[6.472s] gmake: *** [Makefile:146ï¼šall] é”™è¯¯ 2
[6.474s] Invoked command in '/home/zzy/ur_real/build/ur_bringup' returned '2': CMAKE_PREFIX_PATH=/opt/ros/humble CONDA_PROMPT_MODIFIER=(base) /usr/bin/cmake --build /home/zzy/ur_real/build/ur_bringup -- -j24 -l24
