[0.000000] (-) TimerEvent: {}
[0.000188] (-) JobUnselected: {'identifier': 'ur10_moveit_config'}
[0.000206] (-) JobUnselected: {'identifier': 'ur10_vel'}
[0.000218] (ur_bringup) JobQueued: {'identifier': 'ur_bringup', 'dependencies': OrderedDict()}
[0.000229] (ur_bringup) JobStarted: {'identifier': 'ur_bringup'}
[0.004721] (ur_bringup) JobProgress: {'identifier': 'ur_bringup', 'progress': 'cmake'}
[0.005082] (ur_bringup) JobProgress: {'identifier': 'ur_bringup', 'progress': 'build'}
[0.005591] (ur_bringup) Command: {'cmd': ['/usr/bin/cmake', '--build', '/home/zzy/ur_real/build/ur_bringup', '--', '-j24', '-l24'], 'cwd': '/home/zzy/ur_real/build/ur_bringup', 'env': OrderedDict([('LESSOPEN', '| /usr/bin/lesspipe %s'), ('CONDA_PROMPT_MODIFIER', '(base)'), ('LANGUAGE', 'zh_CN:zh'), ('USER', 'zzy'), ('XDG_SESSION_TYPE', 'x11'), ('SHLVL', '1'), ('LD_LIBRARY_PATH', '/opt/ros/humble/opt/rviz_ogre_vendor/lib:/opt/ros/humble/lib/x86_64-linux-gnu:/opt/ros/humble/lib::/home/zzy/mujoco-3.1.6/bin'), ('HOME', '/home/zzy'), ('CONDA_SHLVL', '1'), ('OLDPWD', '/home/zzy'), ('DESKTOP_SESSION', 'ubuntu'), ('ROS_PYTHON_VERSION', '3'), ('GNOME_SHELL_SESSION_MODE', 'ubuntu'), ('GTK_MODULES', 'gail:atk-bridge'), ('SYSTEMD_EXEC_PID', '2608'), ('DBUS_SESSION_BUS_ADDRESS', 'unix:path=/run/user/1000/bus'), ('COLORTERM', 'truecolor'), ('_CE_M', ''), ('COLCON_PREFIX_PATH', '/home/zzy/ur_real/install'), ('ROS_DISTRO', 'humble'), ('GTK_IM_MODULE', 'ibus'), ('LOGNAME', 'zzy'), ('_', '/usr/bin/colcon'), ('ROS_VERSION', '2'), ('XDG_SESSION_CLASS', 'user'), ('USERNAME', 'zzy'), ('TERM', 'xterm-256color'), ('GNOME_DESKTOP_SESSION_ID', 'this-is-deprecated'), ('_CE_CONDA', ''), ('ROS_LOCALHOST_ONLY', '0'), ('WINDOWPATH', '2'), ('PATH', '/opt/ros/humble/bin:/home/zzy/anaconda3/bin:/home/zzy/anaconda3/condabin:/home/zzy/.local/bin:/usr/local/sbin:/usr/local/bin:/usr/sbin:/usr/bin:/sbin:/bin:/usr/games:/usr/local/games:/snap/bin:/snap/bin'), ('SESSION_MANAGER', 'local/zzy-ROG:@/tmp/.ICE-unix/2581,unix/zzy-ROG:/tmp/.ICE-unix/2581'), ('XDG_MENU_PREFIX', 'gnome-'), ('GNOME_TERMINAL_SCREEN', '/org/gnome/Terminal/screen/005e122c_0a52_46eb_95c3_fdb367c7cf86'), ('XDG_RUNTIME_DIR', '/run/user/1000'), ('DISPLAY', ':1'), ('LANG', 'zh_CN.UTF-8'), ('XDG_CURRENT_DESKTOP', 'ubuntu:GNOME'), ('RMW_IMPLEMENTATION', 'rmw_cyclonedds_cpp'), ('XMODIFIERS', '@im=ibus'), ('XDG_SESSION_DESKTOP', 'ubuntu'), ('XAUTHORITY', '/run/user/1000/gdm/Xauthority'), ('LS_COLORS', 'rs=0:di=01;34:ln=01;36:mh=00:pi=40;33:so=01;35:do=01;35:bd=40;33;01:cd=40;33;01:or=40;31;01:mi=00:su=37;41:sg=30;43:ca=30;41:tw=30;42:ow=34;42:st=37;44:ex=01;32:*.tar=01;31:*.tgz=01;31:*.arc=01;31:*.arj=01;31:*.taz=01;31:*.lha=01;31:*.lz4=01;31:*.lzh=01;31:*.lzma=01;31:*.tlz=01;31:*.txz=01;31:*.tzo=01;31:*.t7z=01;31:*.zip=01;31:*.z=01;31:*.dz=01;31:*.gz=01;31:*.lrz=01;31:*.lz=01;31:*.lzo=01;31:*.xz=01;31:*.zst=01;31:*.tzst=01;31:*.bz2=01;31:*.bz=01;31:*.tbz=01;31:*.tbz2=01;31:*.tz=01;31:*.deb=01;31:*.rpm=01;31:*.jar=01;31:*.war=01;31:*.ear=01;31:*.sar=01;31:*.rar=01;31:*.alz=01;31:*.ace=01;31:*.zoo=01;31:*.cpio=01;31:*.7z=01;31:*.rz=01;31:*.cab=01;31:*.wim=01;31:*.swm=01;31:*.dwm=01;31:*.esd=01;31:*.jpg=01;35:*.jpeg=01;35:*.mjpg=01;35:*.mjpeg=01;35:*.gif=01;35:*.bmp=01;35:*.pbm=01;35:*.pgm=01;35:*.ppm=01;35:*.tga=01;35:*.xbm=01;35:*.xpm=01;35:*.tif=01;35:*.tiff=01;35:*.png=01;35:*.svg=01;35:*.svgz=01;35:*.mng=01;35:*.pcx=01;35:*.mov=01;35:*.mpg=01;35:*.mpeg=01;35:*.m2v=01;35:*.mkv=01;35:*.webm=01;35:*.webp=01;35:*.ogm=01;35:*.mp4=01;35:*.m4v=01;35:*.mp4v=01;35:*.vob=01;35:*.qt=01;35:*.nuv=01;35:*.wmv=01;35:*.asf=01;35:*.rm=01;35:*.rmvb=01;35:*.flc=01;35:*.avi=01;35:*.fli=01;35:*.flv=01;35:*.gl=01;35:*.dl=01;35:*.xcf=01;35:*.xwd=01;35:*.yuv=01;35:*.cgm=01;35:*.emf=01;35:*.ogv=01;35:*.ogx=01;35:*.aac=00;36:*.au=00;36:*.flac=00;36:*.m4a=00;36:*.mid=00;36:*.midi=00;36:*.mka=00;36:*.mp3=00;36:*.mpc=00;36:*.ogg=00;36:*.ra=00;36:*.wav=00;36:*.oga=00;36:*.opus=00;36:*.spx=00;36:*.xspf=00;36:'), ('GNOME_TERMINAL_SERVICE', ':1.115'), ('SSH_AGENT_LAUNCHER', 'gnome-keyring'), ('SSH_AUTH_SOCK', '/run/user/1000/keyring/ssh'), ('GSETTINGS_SCHEMA_DIR', '/home/zzy/anaconda3/share/glib-2.0/schemas'), ('AMENT_PREFIX_PATH', '/home/zzy/ur_real/install/ur10_moveit_config:/home/zzy/ur_real/install/ur_bringup:/home/zzy/ur_real/install/ur10_vel:/home/zzy/ur_real/install/abc:/opt/ros/humble'), ('CONDA_PYTHON_EXE', '/home/zzy/anaconda3/bin/python'), ('SHELL', '/bin/bash'), ('QT_ACCESSIBILITY', '1'), ('GDMSESSION', 'ubuntu'), ('LESSCLOSE', '/usr/bin/lesspipe %s %s'), ('CONDA_DEFAULT_ENV', 'base'), ('GPG_AGENT_INFO', '/run/user/1000/gnupg/S.gpg-agent:0:1'), ('QT_IM_MODULE', 'ibus'), ('PWD', '/home/zzy/ur_real/build/ur_bringup'), ('XDG_CONFIG_DIRS', '/etc/xdg/xdg-ubuntu:/etc/xdg'), ('CONDA_EXE', '/home/zzy/anaconda3/bin/conda'), ('XDG_DATA_DIRS', '/usr/share/ubuntu:/usr/share/gnome:/usr/local/share/:/usr/share/:/var/lib/snapd/desktop'), ('PYTHONPATH', '/home/zzy/ur_real/install/ur10_vel/lib/python3.10/site-packages:/opt/ros/humble/lib/python3.10/site-packages:/opt/ros/humble/local/lib/python3.10/dist-packages'), ('CONDA_PREFIX', '/home/zzy/anaconda3'), ('GSETTINGS_SCHEMA_DIR_CONDA_BACKUP', ''), ('COLCON', '1'), ('VTE_VERSION', '6800'), ('CMAKE_PREFIX_PATH', '/home/zzy/ur_real/install/ur10_moveit_config:/home/zzy/ur_real/install/ur_bringup:/home/zzy/ur_real/install/abc:/home/zzy/ur_real/install/ur10_vel:/opt/ros/humble')]), 'shell': False}
[0.037638] (ur_bringup) StdoutLine: {'line': b'-- Found ament_cmake: 1.3.9 (/opt/ros/humble/share/ament_cmake/cmake)\n'}
[0.099632] (-) TimerEvent: {}
[0.133027] (ur_bringup) StdoutLine: {'line': b'-- Override CMake install command with custom implementation using symlinks instead of copying resources\n'}
[0.138762] (ur_bringup) StdoutLine: {'line': b'-- Found rclcpp: 16.0.9 (/opt/ros/humble/share/rclcpp/cmake)\n'}
[0.158214] (ur_bringup) StdoutLine: {'line': b'-- Found rosidl_generator_c: 3.1.5 (/opt/ros/humble/share/rosidl_generator_c/cmake)\n'}
[0.159674] (ur_bringup) StdoutLine: {'line': b'-- Found rosidl_adapter: 3.1.5 (/opt/ros/humble/share/rosidl_adapter/cmake)\n'}
[0.163448] (ur_bringup) StdoutLine: {'line': b'-- Found rosidl_generator_cpp: 3.1.5 (/opt/ros/humble/share/rosidl_generator_cpp/cmake)\n'}
[0.170510] (ur_bringup) StdoutLine: {'line': b'-- Using all available rosidl_typesupport_c: rosidl_typesupport_fastrtps_c;rosidl_typesupport_introspection_c\n'}
[0.180363] (ur_bringup) StdoutLine: {'line': b'-- Using all available rosidl_typesupport_cpp: rosidl_typesupport_fastrtps_cpp;rosidl_typesupport_introspection_cpp\n'}
[0.199784] (-) TimerEvent: {}
[0.217363] (ur_bringup) StdoutLine: {'line': b'-- Found rmw_implementation_cmake: 6.1.2 (/opt/ros/humble/share/rmw_implementation_cmake/cmake)\n'}
[0.218242] (ur_bringup) StdoutLine: {'line': b'-- Found rmw_cyclonedds_cpp: 1.3.4 (/opt/ros/humble/share/rmw_cyclonedds_cpp/cmake)\n'}
[0.236914] (ur_bringup) StdoutLine: {'line': b"-- Using RMW implementation 'rmw_cyclonedds_cpp' as default\n"}
[0.299951] (-) TimerEvent: {}
[0.337380] (ur_bringup) StdoutLine: {'line': b'-- Found sensor_msgs: 4.2.4 (/opt/ros/humble/share/sensor_msgs/cmake)\n'}
[0.400132] (-) TimerEvent: {}
[0.417647] (ur_bringup) StdoutLine: {'line': b'-- Found moveit_ros_planning_interface: 2.5.5 (/opt/ros/humble/share/moveit_ros_planning_interface/cmake)\n'}
[0.425160] (ur_bringup) StdoutLine: {'line': b'-- Found Boost: /home/zzy/anaconda3/lib/cmake/Boost-1.82.0/BoostConfig.cmake (found version "1.82.0") found components: date_time filesystem program_options system thread \n'}
[0.500244] (-) TimerEvent: {}
[0.600526] (-) TimerEvent: {}
[0.700840] (-) TimerEvent: {}
[0.801016] (-) TimerEvent: {}
[0.887086] (ur_bringup) StdoutLine: {'line': b'-- Found Boost: /home/zzy/anaconda3/lib/cmake/Boost-1.82.0/BoostConfig.cmake (found version "1.82.0") found components: chrono date_time filesystem iostreams program_options regex serialization system thread \n'}
[0.891728] (ur_bringup) StdoutLine: {'line': b'-- Found parameter_traits: 0.3.8 (/opt/ros/humble/share/parameter_traits/cmake)\n'}
[0.899598] (ur_bringup) StdoutLine: {'line': b'-- Found rclcpp_lifecycle: 16.0.9 (/opt/ros/humble/share/rclcpp_lifecycle/cmake)\n'}
[0.901086] (-) TimerEvent: {}
[0.928341] (ur_bringup) StdoutLine: {'line': b'-- Found Boost: /home/zzy/anaconda3/lib/cmake/Boost-1.82.0/BoostConfig.cmake (found version "1.82.0") found components: filesystem \n'}
[0.954587] (ur_bringup) StdoutLine: {'line': b'-- library: /usr/lib/x86_64-linux-gnu/libcurl.so\n'}
[1.001192] (-) TimerEvent: {}
[1.057654] (ur_bringup) StdoutLine: {'line': b'-- Ensuring Eigen3 include directory is part of orocos-kdl CMake target\n'}
[1.101280] (-) TimerEvent: {}
[1.201527] (-) TimerEvent: {}
[1.301784] (-) TimerEvent: {}
[1.397842] (ur_bringup) StdoutLine: {'line': b'-- Found Boost: /home/zzy/anaconda3/lib/cmake/Boost-1.82.0/BoostConfig.cmake (found version "1.82.0") found components: system filesystem date_time program_options thread chrono \n'}
[1.401847] (-) TimerEvent: {}
[1.502066] (-) TimerEvent: {}
[1.602347] (-) TimerEvent: {}
[1.702625] (-) TimerEvent: {}
[1.759328] (ur_bringup) StdoutLine: {'line': b'-- Found Boost: /home/zzy/anaconda3/lib/cmake/Boost-1.82.0/BoostConfig.cmake (found version "1.82.0") found components: thread system filesystem regex date_time program_options \n'}
[1.802710] (-) TimerEvent: {}
[1.902987] (-) TimerEvent: {}
[1.927044] (ur_bringup) StdoutLine: {'line': b'-- Found Boost: /home/zzy/anaconda3/lib/cmake/Boost-1.82.0/BoostConfig.cmake (found version "1.82.0") found components: system filesystem date_time program_options thread \n'}
[2.003117] (-) TimerEvent: {}
[2.103442] (-) TimerEvent: {}
[2.203716] (-) TimerEvent: {}
[2.211252] (ur_bringup) StdoutLine: {'line': b'-- Found ament_lint_auto: 0.12.11 (/opt/ros/humble/share/ament_lint_auto/cmake)\n'}
[2.284199] (ur_bringup) StdoutLine: {'line': b"-- Added test 'cppcheck' to perform static code analysis on C / C++ code\n"}
[2.284365] (ur_bringup) StdoutLine: {'line': b'-- Configured cppcheck include dirs: \n'}
[2.284437] (ur_bringup) StdoutLine: {'line': b'-- Configured cppcheck exclude dirs and/or files: \n'}
[2.284789] (ur_bringup) StdoutLine: {'line': b"-- Added test 'flake8' to check Python code syntax and style conventions\n"}
[2.285555] (ur_bringup) StdoutLine: {'line': b"-- Added test 'lint_cmake' to check CMake code style\n"}
[2.286045] (ur_bringup) StdoutLine: {'line': b"-- Added test 'pep257' to check Python code against some of the docstring style conventions in PEP 257\n"}
[2.288598] (ur_bringup) StdoutLine: {'line': b"-- Added test 'uncrustify' to check C / C++ code style\n"}
[2.288705] (ur_bringup) StdoutLine: {'line': b'-- Configured uncrustify additional arguments: \n'}
[2.288946] (ur_bringup) StdoutLine: {'line': b"-- Added test 'xmllint' to check XML markup files\n"}
[2.289975] (ur_bringup) StdoutLine: {'line': b'-- Configuring done\n'}
[2.303843] (-) TimerEvent: {}
[2.305797] (ur_bringup) StderrLine: {'line': b'\x1b[33mCMake Warning at CMakeLists.txt:18 (add_executable):\n'}
[2.305926] (ur_bringup) StderrLine: {'line': b'  Cannot generate a safe runtime search path for target ur_bringup because\n'}
[2.305997] (ur_bringup) StderrLine: {'line': b'  files in some directories may conflict with libraries in implicit\n'}
[2.306059] (ur_bringup) StderrLine: {'line': b'  directories:\n'}
[2.306120] (ur_bringup) StderrLine: {'line': b'\n'}
[2.306179] (ur_bringup) StderrLine: {'line': b'    runtime library [libcurl.so.4] in /usr/lib/x86_64-linux-gnu may be hidden by files in:\n'}
[2.306239] (ur_bringup) StderrLine: {'line': b'      /home/zzy/anaconda3/lib\n'}
[2.306299] (ur_bringup) StderrLine: {'line': b'    runtime library [libcrypto.so.3] in /usr/lib/x86_64-linux-gnu may be hidden by files in:\n'}
[2.306364] (ur_bringup) StderrLine: {'line': b'      /home/zzy/anaconda3/lib\n'}
[2.306423] (ur_bringup) StderrLine: {'line': b'\n'}
[2.306481] (ur_bringup) StderrLine: {'line': b'  Some of these libraries may not be found correctly.\n'}
[2.306539] (ur_bringup) StderrLine: {'line': b'\n'}
[2.306596] (ur_bringup) StderrLine: {'line': b'\x1b[0m\n'}
[2.307082] (ur_bringup) StdoutLine: {'line': b'-- Generating done\n'}
[2.308376] (ur_bringup) StdoutLine: {'line': b'-- Build files have been written to: /home/zzy/ur_real/build/ur_bringup\n'}
[2.328501] (ur_bringup) StdoutLine: {'line': b'\x1b[35m\x1b[1mConsolidate compiler generated dependencies of target ur_bringup\x1b[0m\n'}
[2.343017] (ur_bringup) StdoutLine: {'line': b'[ 50%] \x1b[32mBuilding CXX object CMakeFiles/ur_bringup.dir/src/moveit_bringup.cpp.o\x1b[0m\n'}
[2.403978] (-) TimerEvent: {}
[2.504315] (-) TimerEvent: {}
[2.604641] (-) TimerEvent: {}
[2.654424] (ur_bringup) StderrLine: {'line': b'gmake[2]: *** [CMakeFiles/ur_bringup.dir/build.make:76: CMakeFiles/ur_bringup.dir/src/moveit_bringup.cpp.o] \xe4\xb8\xad\xe6\x96\xad\n'}
[2.654637] (ur_bringup) StderrLine: {'line': b'gmake[1]: *** [CMakeFiles/Makefile2:137: CMakeFiles/ur_bringup.dir/all] \xe4\xb8\xad\xe6\x96\xad\n'}
[2.654885] (ur_bringup) StderrLine: {'line': b'gmake: *** [Makefile:146: all] \xe4\xb8\xad\xe6\x96\xad\n'}
[2.658029] (ur_bringup) CommandEnded: {'returncode': -2}
[2.691007] (ur_bringup) JobEnded: {'identifier': 'ur_bringup', 'rc': 'SIGINT'}
[2.702121] (-) EventReactorShutdown: {}
